<?xml version="1.0" encoding="UTF-8"?>
<testng-results skipped="0" failed="4" ignored="0" total="35" passed="31">
  <reporter-output>
  </reporter-output>
  <suite name="Surefire suite" duration-ms="317824" started-at="2022-02-24T17:47:10 SGT" finished-at="2022-02-24T17:52:28 SGT">
    <groups>
      <group name="cucumber">
        <method signature="AbstractTestNGCucumberTests.runScenario(io.cucumber.testng.PickleWrapper,io.cucumber.testng.FeatureWrapper)[pri:0, instance:cucumberOptions.TestNGTestRunner@4eb7f003]" name="runScenario" class="io.cucumber.testng.AbstractTestNGCucumberTests"/>
      </group> <!-- cucumber -->
    </groups>
    <test name="Surefire test" duration-ms="317824" started-at="2022-02-24T17:47:10 SGT" finished-at="2022-02-24T17:52:28 SGT">
      <class name="cucumberOptions.TestNGTestRunner">
        <test-method status="PASS" signature="setUpClass(org.testng.ITestContext)[pri:0, instance:cucumberOptions.TestNGTestRunner@4eb7f003]" name="setUpClass" is-config="true" duration-ms="639" started-at="2022-02-24T17:47:10 SGT" finished-at="2022-02-24T17:47:11 SGT">
          <params>
            <param index="0">
              <value>
                <![CDATA[org.testng.TestRunner@3945886e]]>
              </value>
            </param>
          </params>
          <reporter-output>
          </reporter-output>
        </test-method> <!-- setUpClass -->
        <test-method status="PASS" signature="runScenario(io.cucumber.testng.PickleWrapper,io.cucumber.testng.FeatureWrapper)[pri:0, instance:cucumberOptions.TestNGTestRunner@4eb7f003]" name="runScenario" duration-ms="9745" started-at="2022-02-24T17:47:11 SGT" description="Runs Cucumber Scenarios" data-provider="scenarios" finished-at="2022-02-24T17:47:21 SGT">
          <params>
            <param index="0">
              <value>
                <![CDATA["To test the getTaxRelief API"]]>
              </value>
            </param>
            <param index="1">
              <value>
                <![CDATA["Optional[To Check API is working]"]]>
              </value>
            </param>
          </params>
          <reporter-output>
          </reporter-output>
        </test-method> <!-- runScenario -->
        <test-method status="PASS" signature="runScenario(io.cucumber.testng.PickleWrapper,io.cucumber.testng.FeatureWrapper)[pri:0, instance:cucumberOptions.TestNGTestRunner@4eb7f003]" name="runScenario" duration-ms="3039" started-at="2022-02-24T17:47:21 SGT" description="Runs Cucumber Scenarios" data-provider="scenarios" finished-at="2022-02-24T17:47:24 SGT">
          <params>
            <param index="0">
              <value>
                <![CDATA["To test the getTaxReliefSummary API"]]>
              </value>
            </param>
            <param index="1">
              <value>
                <![CDATA["Optional[To Check API is working]"]]>
              </value>
            </param>
          </params>
          <reporter-output>
          </reporter-output>
        </test-method> <!-- runScenario -->
        <test-method status="FAIL" signature="runScenario(io.cucumber.testng.PickleWrapper,io.cucumber.testng.FeatureWrapper)[pri:0, instance:cucumberOptions.TestNGTestRunner@4eb7f003]" name="runScenario" duration-ms="3967" started-at="2022-02-24T17:47:24 SGT" description="Runs Cucumber Scenarios" data-provider="scenarios" finished-at="2022-02-24T17:47:28 SGT">
          <params>
            <param index="0">
              <value>
                <![CDATA["To test the Post insertMultiplePerson API"]]>
              </value>
            </param>
            <param index="1">
              <value>
                <![CDATA["Optional[To Check API is working]"]]>
              </value>
            </param>
          </params>
          <exception class="java.lang.AssertionError">
            <message>
              <![CDATA[expected [200] but found [202]]]>
            </message>
            <full-stacktrace>
              <![CDATA[java.lang.AssertionError: expected [200] but found [202]
at org.testng.Assert.fail(Assert.java:99)
at org.testng.Assert.failNotEquals(Assert.java:1037)
at org.testng.Assert.assertEqualsImpl(Assert.java:140)
at org.testng.Assert.assertEquals(Assert.java:122)
at org.testng.Assert.assertEquals(Assert.java:907)
at org.testng.Assert.assertEquals(Assert.java:917)
at stepDefinitions.APIStepDefinition.validate_the_response(APIStepDefinition.java:66)
at ✽.Validate the Response(file:///C:/Elsa/TechChallenge/TheOPPENHEIMER/src/test/java/features/APITesting.feature:24)
]]>
            </full-stacktrace>
          </exception> <!-- java.lang.AssertionError -->
          <reporter-output>
          </reporter-output>
        </test-method> <!-- runScenario -->
        <test-method status="FAIL" signature="runScenario(io.cucumber.testng.PickleWrapper,io.cucumber.testng.FeatureWrapper)[pri:0, instance:cucumberOptions.TestNGTestRunner@4eb7f003]" name="runScenario" duration-ms="3149" started-at="2022-02-24T17:47:28 SGT" description="Runs Cucumber Scenarios" data-provider="scenarios" finished-at="2022-02-24T17:47:31 SGT">
          <params>
            <param index="0">
              <value>
                <![CDATA["To test the Post insertMultiplePerson API"]]>
              </value>
            </param>
            <param index="1">
              <value>
                <![CDATA["Optional[To Check API is working]"]]>
              </value>
            </param>
          </params>
          <exception class="java.lang.AssertionError">
            <message>
              <![CDATA[expected [200] but found [202]]]>
            </message>
            <full-stacktrace>
              <![CDATA[java.lang.AssertionError: expected [200] but found [202]
at org.testng.Assert.fail(Assert.java:99)
at org.testng.Assert.failNotEquals(Assert.java:1037)
at org.testng.Assert.assertEqualsImpl(Assert.java:140)
at org.testng.Assert.assertEquals(Assert.java:122)
at org.testng.Assert.assertEquals(Assert.java:907)
at org.testng.Assert.assertEquals(Assert.java:917)
at stepDefinitions.APIStepDefinition.validate_the_response(APIStepDefinition.java:66)
at ✽.Validate the Response(file:///C:/Elsa/TechChallenge/TheOPPENHEIMER/src/test/java/features/APITesting.feature:24)
]]>
            </full-stacktrace>
          </exception> <!-- java.lang.AssertionError -->
          <reporter-output>
          </reporter-output>
        </test-method> <!-- runScenario -->
        <test-method status="FAIL" signature="runScenario(io.cucumber.testng.PickleWrapper,io.cucumber.testng.FeatureWrapper)[pri:0, instance:cucumberOptions.TestNGTestRunner@4eb7f003]" name="runScenario" duration-ms="3439" started-at="2022-02-24T17:47:31 SGT" description="Runs Cucumber Scenarios" data-provider="scenarios" finished-at="2022-02-24T17:47:34 SGT">
          <params>
            <param index="0">
              <value>
                <![CDATA["To test the Post insertPerson API"]]>
              </value>
            </param>
            <param index="1">
              <value>
                <![CDATA["Optional[To Check API is working]"]]>
              </value>
            </param>
          </params>
          <exception class="java.lang.AssertionError">
            <message>
              <![CDATA[expected [200] but found [202]]]>
            </message>
            <full-stacktrace>
              <![CDATA[java.lang.AssertionError: expected [200] but found [202]
at org.testng.Assert.fail(Assert.java:99)
at org.testng.Assert.failNotEquals(Assert.java:1037)
at org.testng.Assert.assertEqualsImpl(Assert.java:140)
at org.testng.Assert.assertEquals(Assert.java:122)
at org.testng.Assert.assertEquals(Assert.java:907)
at org.testng.Assert.assertEquals(Assert.java:917)
at stepDefinitions.APIStepDefinition.validate_the_response(APIStepDefinition.java:66)
at ✽.Validate the Response(file:///C:/Elsa/TechChallenge/TheOPPENHEIMER/src/test/java/features/APITesting.feature:35)
]]>
            </full-stacktrace>
          </exception> <!-- java.lang.AssertionError -->
          <reporter-output>
          </reporter-output>
        </test-method> <!-- runScenario -->
        <test-method status="FAIL" signature="runScenario(io.cucumber.testng.PickleWrapper,io.cucumber.testng.FeatureWrapper)[pri:0, instance:cucumberOptions.TestNGTestRunner@4eb7f003]" name="runScenario" duration-ms="3938" started-at="2022-02-24T17:47:34 SGT" description="Runs Cucumber Scenarios" data-provider="scenarios" finished-at="2022-02-24T17:47:38 SGT">
          <params>
            <param index="0">
              <value>
                <![CDATA["To test the Post insertPerson API"]]>
              </value>
            </param>
            <param index="1">
              <value>
                <![CDATA["Optional[To Check API is working]"]]>
              </value>
            </param>
          </params>
          <exception class="java.lang.AssertionError">
            <message>
              <![CDATA[expected [200] but found [202]]]>
            </message>
            <full-stacktrace>
              <![CDATA[java.lang.AssertionError: expected [200] but found [202]
at org.testng.Assert.fail(Assert.java:99)
at org.testng.Assert.failNotEquals(Assert.java:1037)
at org.testng.Assert.assertEqualsImpl(Assert.java:140)
at org.testng.Assert.assertEquals(Assert.java:122)
at org.testng.Assert.assertEquals(Assert.java:907)
at org.testng.Assert.assertEquals(Assert.java:917)
at stepDefinitions.APIStepDefinition.validate_the_response(APIStepDefinition.java:66)
at ✽.Validate the Response(file:///C:/Elsa/TechChallenge/TheOPPENHEIMER/src/test/java/features/APITesting.feature:35)
]]>
            </full-stacktrace>
          </exception> <!-- java.lang.AssertionError -->
          <reporter-output>
          </reporter-output>
        </test-method> <!-- runScenario -->
        <test-method status="PASS" signature="runScenario(io.cucumber.testng.PickleWrapper,io.cucumber.testng.FeatureWrapper)[pri:0, instance:cucumberOptions.TestNGTestRunner@4eb7f003]" name="runScenario" duration-ms="5756" started-at="2022-02-24T17:47:38 SGT" description="Runs Cucumber Scenarios" data-provider="scenarios" finished-at="2022-02-24T17:47:44 SGT">
          <params>
            <param index="0">
              <value>
                <![CDATA["To check the Displense Now button availability and the functionality"]]>
              </value>
            </param>
            <param index="1">
              <value>
                <![CDATA["Optional[Checking DispenseButton]"]]>
              </value>
            </param>
          </params>
          <reporter-output>
          </reporter-output>
        </test-method> <!-- runScenario -->
        <test-method status="PASS" signature="runScenario(io.cucumber.testng.PickleWrapper,io.cucumber.testng.FeatureWrapper)[pri:0, instance:cucumberOptions.TestNGTestRunner@4eb7f003]" name="runScenario" duration-ms="8994" started-at="2022-02-24T17:47:44 SGT" description="Runs Cucumber Scenarios" data-provider="scenarios" finished-at="2022-02-24T17:47:53 SGT">
          <params>
            <param index="0">
              <value>
                <![CDATA["To chek the taxrelief amount verification for the records"]]>
              </value>
            </param>
            <param index="1">
              <value>
                <![CDATA["Optional[Checking Tax Calculation]"]]>
              </value>
            </param>
          </params>
          <reporter-output>
          </reporter-output>
        </test-method> <!-- runScenario -->
        <test-method status="PASS" signature="runScenario(io.cucumber.testng.PickleWrapper,io.cucumber.testng.FeatureWrapper)[pri:0, instance:cucumberOptions.TestNGTestRunner@4eb7f003]" name="runScenario" duration-ms="8441" started-at="2022-02-24T17:47:53 SGT" description="Runs Cucumber Scenarios" data-provider="scenarios" finished-at="2022-02-24T17:48:02 SGT">
          <params>
            <param index="0">
              <value>
                <![CDATA["To chek the taxrelief amount verification for the records"]]>
              </value>
            </param>
            <param index="1">
              <value>
                <![CDATA["Optional[Checking Tax Calculation]"]]>
              </value>
            </param>
          </params>
          <reporter-output>
          </reporter-output>
        </test-method> <!-- runScenario -->
        <test-method status="PASS" signature="runScenario(io.cucumber.testng.PickleWrapper,io.cucumber.testng.FeatureWrapper)[pri:0, instance:cucumberOptions.TestNGTestRunner@4eb7f003]" name="runScenario" duration-ms="8914" started-at="2022-02-24T17:48:02 SGT" description="Runs Cucumber Scenarios" data-provider="scenarios" finished-at="2022-02-24T17:48:11 SGT">
          <params>
            <param index="0">
              <value>
                <![CDATA["To chek the taxrelief amount verification for the records"]]>
              </value>
            </param>
            <param index="1">
              <value>
                <![CDATA["Optional[Checking Tax Calculation]"]]>
              </value>
            </param>
          </params>
          <reporter-output>
          </reporter-output>
        </test-method> <!-- runScenario -->
        <test-method status="PASS" signature="runScenario(io.cucumber.testng.PickleWrapper,io.cucumber.testng.FeatureWrapper)[pri:0, instance:cucumberOptions.TestNGTestRunner@4eb7f003]" name="runScenario" duration-ms="9976" started-at="2022-02-24T17:48:11 SGT" description="Runs Cucumber Scenarios" data-provider="scenarios" finished-at="2022-02-24T17:48:20 SGT">
          <params>
            <param index="0">
              <value>
                <![CDATA["To chek the taxrelief amount verification for the records"]]>
              </value>
            </param>
            <param index="1">
              <value>
                <![CDATA["Optional[Checking Tax Calculation]"]]>
              </value>
            </param>
          </params>
          <reporter-output>
          </reporter-output>
        </test-method> <!-- runScenario -->
        <test-method status="PASS" signature="runScenario(io.cucumber.testng.PickleWrapper,io.cucumber.testng.FeatureWrapper)[pri:0, instance:cucumberOptions.TestNGTestRunner@4eb7f003]" name="runScenario" duration-ms="8144" started-at="2022-02-24T17:48:20 SGT" description="Runs Cucumber Scenarios" data-provider="scenarios" finished-at="2022-02-24T17:48:29 SGT">
          <params>
            <param index="0">
              <value>
                <![CDATA["To chek the taxrelief amount verification for the records"]]>
              </value>
            </param>
            <param index="1">
              <value>
                <![CDATA["Optional[Checking Tax Calculation]"]]>
              </value>
            </param>
          </params>
          <reporter-output>
          </reporter-output>
        </test-method> <!-- runScenario -->
        <test-method status="PASS" signature="runScenario(io.cucumber.testng.PickleWrapper,io.cucumber.testng.FeatureWrapper)[pri:0, instance:cucumberOptions.TestNGTestRunner@4eb7f003]" name="runScenario" duration-ms="8117" started-at="2022-02-24T17:48:29 SGT" description="Runs Cucumber Scenarios" data-provider="scenarios" finished-at="2022-02-24T17:48:37 SGT">
          <params>
            <param index="0">
              <value>
                <![CDATA["To chek the taxrelief amount verification for the records"]]>
              </value>
            </param>
            <param index="1">
              <value>
                <![CDATA["Optional[Checking Tax Calculation]"]]>
              </value>
            </param>
          </params>
          <reporter-output>
          </reporter-output>
        </test-method> <!-- runScenario -->
        <test-method status="PASS" signature="runScenario(io.cucumber.testng.PickleWrapper,io.cucumber.testng.FeatureWrapper)[pri:0, instance:cucumberOptions.TestNGTestRunner@4eb7f003]" name="runScenario" duration-ms="8429" started-at="2022-02-24T17:48:37 SGT" description="Runs Cucumber Scenarios" data-provider="scenarios" finished-at="2022-02-24T17:48:45 SGT">
          <params>
            <param index="0">
              <value>
                <![CDATA["To chek the taxrelief amount verification for the records"]]>
              </value>
            </param>
            <param index="1">
              <value>
                <![CDATA["Optional[Checking Tax Calculation]"]]>
              </value>
            </param>
          </params>
          <reporter-output>
          </reporter-output>
        </test-method> <!-- runScenario -->
        <test-method status="PASS" signature="runScenario(io.cucumber.testng.PickleWrapper,io.cucumber.testng.FeatureWrapper)[pri:0, instance:cucumberOptions.TestNGTestRunner@4eb7f003]" name="runScenario" duration-ms="10050" started-at="2022-02-24T17:48:45 SGT" description="Runs Cucumber Scenarios" data-provider="scenarios" finished-at="2022-02-24T17:48:55 SGT">
          <params>
            <param index="0">
              <value>
                <![CDATA["To chek the taxrelief amount verification for the records"]]>
              </value>
            </param>
            <param index="1">
              <value>
                <![CDATA["Optional[Checking Tax Calculation]"]]>
              </value>
            </param>
          </params>
          <reporter-output>
          </reporter-output>
        </test-method> <!-- runScenario -->
        <test-method status="PASS" signature="runScenario(io.cucumber.testng.PickleWrapper,io.cucumber.testng.FeatureWrapper)[pri:0, instance:cucumberOptions.TestNGTestRunner@4eb7f003]" name="runScenario" duration-ms="11404" started-at="2022-02-24T17:48:55 SGT" description="Runs Cucumber Scenarios" data-provider="scenarios" finished-at="2022-02-24T17:49:07 SGT">
          <params>
            <param index="0">
              <value>
                <![CDATA["To chek the taxrelief amount verification for the records"]]>
              </value>
            </param>
            <param index="1">
              <value>
                <![CDATA["Optional[Checking Tax Calculation]"]]>
              </value>
            </param>
          </params>
          <reporter-output>
          </reporter-output>
        </test-method> <!-- runScenario -->
        <test-method status="PASS" signature="runScenario(io.cucumber.testng.PickleWrapper,io.cucumber.testng.FeatureWrapper)[pri:0, instance:cucumberOptions.TestNGTestRunner@4eb7f003]" name="runScenario" duration-ms="10115" started-at="2022-02-24T17:49:07 SGT" description="Runs Cucumber Scenarios" data-provider="scenarios" finished-at="2022-02-24T17:49:17 SGT">
          <params>
            <param index="0">
              <value>
                <![CDATA["To chek the taxrelief amount verification for the records"]]>
              </value>
            </param>
            <param index="1">
              <value>
                <![CDATA["Optional[Checking Tax Calculation]"]]>
              </value>
            </param>
          </params>
          <reporter-output>
          </reporter-output>
        </test-method> <!-- runScenario -->
        <test-method status="PASS" signature="runScenario(io.cucumber.testng.PickleWrapper,io.cucumber.testng.FeatureWrapper)[pri:0, instance:cucumberOptions.TestNGTestRunner@4eb7f003]" name="runScenario" duration-ms="8853" started-at="2022-02-24T17:49:17 SGT" description="Runs Cucumber Scenarios" data-provider="scenarios" finished-at="2022-02-24T17:49:26 SGT">
          <params>
            <param index="0">
              <value>
                <![CDATA["To chek the taxrelief amount verification for the records"]]>
              </value>
            </param>
            <param index="1">
              <value>
                <![CDATA["Optional[Checking Tax Calculation]"]]>
              </value>
            </param>
          </params>
          <reporter-output>
          </reporter-output>
        </test-method> <!-- runScenario -->
        <test-method status="PASS" signature="runScenario(io.cucumber.testng.PickleWrapper,io.cucumber.testng.FeatureWrapper)[pri:0, instance:cucumberOptions.TestNGTestRunner@4eb7f003]" name="runScenario" duration-ms="8250" started-at="2022-02-24T17:49:26 SGT" description="Runs Cucumber Scenarios" data-provider="scenarios" finished-at="2022-02-24T17:49:34 SGT">
          <params>
            <param index="0">
              <value>
                <![CDATA["To chek the taxrelief amount verification for the records"]]>
              </value>
            </param>
            <param index="1">
              <value>
                <![CDATA["Optional[Checking Tax Calculation]"]]>
              </value>
            </param>
          </params>
          <reporter-output>
          </reporter-output>
        </test-method> <!-- runScenario -->
        <test-method status="PASS" signature="runScenario(io.cucumber.testng.PickleWrapper,io.cucumber.testng.FeatureWrapper)[pri:0, instance:cucumberOptions.TestNGTestRunner@4eb7f003]" name="runScenario" duration-ms="8381" started-at="2022-02-24T17:49:34 SGT" description="Runs Cucumber Scenarios" data-provider="scenarios" finished-at="2022-02-24T17:49:42 SGT">
          <params>
            <param index="0">
              <value>
                <![CDATA["To chek the taxrelief amount verification for the records"]]>
              </value>
            </param>
            <param index="1">
              <value>
                <![CDATA["Optional[Checking Tax Calculation]"]]>
              </value>
            </param>
          </params>
          <reporter-output>
          </reporter-output>
        </test-method> <!-- runScenario -->
        <test-method status="PASS" signature="runScenario(io.cucumber.testng.PickleWrapper,io.cucumber.testng.FeatureWrapper)[pri:0, instance:cucumberOptions.TestNGTestRunner@4eb7f003]" name="runScenario" duration-ms="8151" started-at="2022-02-24T17:49:42 SGT" description="Runs Cucumber Scenarios" data-provider="scenarios" finished-at="2022-02-24T17:49:50 SGT">
          <params>
            <param index="0">
              <value>
                <![CDATA["To chek the taxrelief amount verification for the records"]]>
              </value>
            </param>
            <param index="1">
              <value>
                <![CDATA["Optional[Checking Tax Calculation]"]]>
              </value>
            </param>
          </params>
          <reporter-output>
          </reporter-output>
        </test-method> <!-- runScenario -->
        <test-method status="PASS" signature="runScenario(io.cucumber.testng.PickleWrapper,io.cucumber.testng.FeatureWrapper)[pri:0, instance:cucumberOptions.TestNGTestRunner@4eb7f003]" name="runScenario" duration-ms="9519" started-at="2022-02-24T17:49:50 SGT" description="Runs Cucumber Scenarios" data-provider="scenarios" finished-at="2022-02-24T17:50:00 SGT">
          <params>
            <param index="0">
              <value>
                <![CDATA["To chek the taxrelief amount verification for the records"]]>
              </value>
            </param>
            <param index="1">
              <value>
                <![CDATA["Optional[Checking Tax Calculation]"]]>
              </value>
            </param>
          </params>
          <reporter-output>
          </reporter-output>
        </test-method> <!-- runScenario -->
        <test-method status="PASS" signature="runScenario(io.cucumber.testng.PickleWrapper,io.cucumber.testng.FeatureWrapper)[pri:0, instance:cucumberOptions.TestNGTestRunner@4eb7f003]" name="runScenario" duration-ms="10033" started-at="2022-02-24T17:50:00 SGT" description="Runs Cucumber Scenarios" data-provider="scenarios" finished-at="2022-02-24T17:50:10 SGT">
          <params>
            <param index="0">
              <value>
                <![CDATA["To chek the taxrelief amount verification for the records"]]>
              </value>
            </param>
            <param index="1">
              <value>
                <![CDATA["Optional[Checking Tax Calculation]"]]>
              </value>
            </param>
          </params>
          <reporter-output>
          </reporter-output>
        </test-method> <!-- runScenario -->
        <test-method status="PASS" signature="runScenario(io.cucumber.testng.PickleWrapper,io.cucumber.testng.FeatureWrapper)[pri:0, instance:cucumberOptions.TestNGTestRunner@4eb7f003]" name="runScenario" duration-ms="10546" started-at="2022-02-24T17:50:10 SGT" description="Runs Cucumber Scenarios" data-provider="scenarios" finished-at="2022-02-24T17:50:21 SGT">
          <params>
            <param index="0">
              <value>
                <![CDATA["To chek the taxrelief amount verification for the records"]]>
              </value>
            </param>
            <param index="1">
              <value>
                <![CDATA["Optional[Checking Tax Calculation]"]]>
              </value>
            </param>
          </params>
          <reporter-output>
          </reporter-output>
        </test-method> <!-- runScenario -->
        <test-method status="PASS" signature="runScenario(io.cucumber.testng.PickleWrapper,io.cucumber.testng.FeatureWrapper)[pri:0, instance:cucumberOptions.TestNGTestRunner@4eb7f003]" name="runScenario" duration-ms="9308" started-at="2022-02-24T17:50:21 SGT" description="Runs Cucumber Scenarios" data-provider="scenarios" finished-at="2022-02-24T17:50:30 SGT">
          <params>
            <param index="0">
              <value>
                <![CDATA["To chek the taxrelief amount verification for the records"]]>
              </value>
            </param>
            <param index="1">
              <value>
                <![CDATA["Optional[Checking Tax Calculation]"]]>
              </value>
            </param>
          </params>
          <reporter-output>
          </reporter-output>
        </test-method> <!-- runScenario -->
        <test-method status="PASS" signature="runScenario(io.cucumber.testng.PickleWrapper,io.cucumber.testng.FeatureWrapper)[pri:0, instance:cucumberOptions.TestNGTestRunner@4eb7f003]" name="runScenario" duration-ms="9993" started-at="2022-02-24T17:50:30 SGT" description="Runs Cucumber Scenarios" data-provider="scenarios" finished-at="2022-02-24T17:50:40 SGT">
          <params>
            <param index="0">
              <value>
                <![CDATA["To chek the taxrelief amount verification for the records"]]>
              </value>
            </param>
            <param index="1">
              <value>
                <![CDATA["Optional[Checking Tax Calculation]"]]>
              </value>
            </param>
          </params>
          <reporter-output>
          </reporter-output>
        </test-method> <!-- runScenario -->
        <test-method status="PASS" signature="runScenario(io.cucumber.testng.PickleWrapper,io.cucumber.testng.FeatureWrapper)[pri:0, instance:cucumberOptions.TestNGTestRunner@4eb7f003]" name="runScenario" duration-ms="11042" started-at="2022-02-24T17:50:40 SGT" description="Runs Cucumber Scenarios" data-provider="scenarios" finished-at="2022-02-24T17:50:51 SGT">
          <params>
            <param index="0">
              <value>
                <![CDATA["To chek the taxrelief amount verification for the records"]]>
              </value>
            </param>
            <param index="1">
              <value>
                <![CDATA["Optional[Checking Tax Calculation]"]]>
              </value>
            </param>
          </params>
          <reporter-output>
          </reporter-output>
        </test-method> <!-- runScenario -->
        <test-method status="PASS" signature="runScenario(io.cucumber.testng.PickleWrapper,io.cucumber.testng.FeatureWrapper)[pri:0, instance:cucumberOptions.TestNGTestRunner@4eb7f003]" name="runScenario" duration-ms="9677" started-at="2022-02-24T17:50:51 SGT" description="Runs Cucumber Scenarios" data-provider="scenarios" finished-at="2022-02-24T17:51:01 SGT">
          <params>
            <param index="0">
              <value>
                <![CDATA["To chek the taxrelief amount verification for the records"]]>
              </value>
            </param>
            <param index="1">
              <value>
                <![CDATA["Optional[Checking Tax Calculation]"]]>
              </value>
            </param>
          </params>
          <reporter-output>
          </reporter-output>
        </test-method> <!-- runScenario -->
        <test-method status="PASS" signature="runScenario(io.cucumber.testng.PickleWrapper,io.cucumber.testng.FeatureWrapper)[pri:0, instance:cucumberOptions.TestNGTestRunner@4eb7f003]" name="runScenario" duration-ms="10321" started-at="2022-02-24T17:51:01 SGT" description="Runs Cucumber Scenarios" data-provider="scenarios" finished-at="2022-02-24T17:51:11 SGT">
          <params>
            <param index="0">
              <value>
                <![CDATA["To chek the taxrelief amount verification for the records"]]>
              </value>
            </param>
            <param index="1">
              <value>
                <![CDATA["Optional[Checking Tax Calculation]"]]>
              </value>
            </param>
          </params>
          <reporter-output>
          </reporter-output>
        </test-method> <!-- runScenario -->
        <test-method status="PASS" signature="runScenario(io.cucumber.testng.PickleWrapper,io.cucumber.testng.FeatureWrapper)[pri:0, instance:cucumberOptions.TestNGTestRunner@4eb7f003]" name="runScenario" duration-ms="11211" started-at="2022-02-24T17:51:11 SGT" description="Runs Cucumber Scenarios" data-provider="scenarios" finished-at="2022-02-24T17:51:22 SGT">
          <params>
            <param index="0">
              <value>
                <![CDATA["To chek the taxrelief amount verification for the records"]]>
              </value>
            </param>
            <param index="1">
              <value>
                <![CDATA["Optional[Checking Tax Calculation]"]]>
              </value>
            </param>
          </params>
          <reporter-output>
          </reporter-output>
        </test-method> <!-- runScenario -->
        <test-method status="PASS" signature="runScenario(io.cucumber.testng.PickleWrapper,io.cucumber.testng.FeatureWrapper)[pri:0, instance:cucumberOptions.TestNGTestRunner@4eb7f003]" name="runScenario" duration-ms="9926" started-at="2022-02-24T17:51:22 SGT" description="Runs Cucumber Scenarios" data-provider="scenarios" finished-at="2022-02-24T17:51:32 SGT">
          <params>
            <param index="0">
              <value>
                <![CDATA["To chek the taxrelief amount verification for the records"]]>
              </value>
            </param>
            <param index="1">
              <value>
                <![CDATA["Optional[Checking Tax Calculation]"]]>
              </value>
            </param>
          </params>
          <reporter-output>
          </reporter-output>
        </test-method> <!-- runScenario -->
        <test-method status="PASS" signature="runScenario(io.cucumber.testng.PickleWrapper,io.cucumber.testng.FeatureWrapper)[pri:0, instance:cucumberOptions.TestNGTestRunner@4eb7f003]" name="runScenario" duration-ms="11523" started-at="2022-02-24T17:51:32 SGT" description="Runs Cucumber Scenarios" data-provider="scenarios" finished-at="2022-02-24T17:51:44 SGT">
          <params>
            <param index="0">
              <value>
                <![CDATA["To check the Tax amount displayed is correct"]]>
              </value>
            </param>
            <param index="1">
              <value>
                <![CDATA["Optional[Checking Tax Calculation]"]]>
              </value>
            </param>
          </params>
          <reporter-output>
          </reporter-output>
        </test-method> <!-- runScenario -->
        <test-method status="PASS" signature="runScenario(io.cucumber.testng.PickleWrapper,io.cucumber.testng.FeatureWrapper)[pri:0, instance:cucumberOptions.TestNGTestRunner@4eb7f003]" name="runScenario" duration-ms="18778" started-at="2022-02-24T17:51:44 SGT" description="Runs Cucumber Scenarios" data-provider="scenarios" finished-at="2022-02-24T17:52:02 SGT">
          <params>
            <param index="0">
              <value>
                <![CDATA["To check the CSV fileupload function with a valid data and validate the records are added"]]>
              </value>
            </param>
            <param index="1">
              <value>
                <![CDATA["Optional[Add User from CSVFile]"]]>
              </value>
            </param>
          </params>
          <reporter-output>
          </reporter-output>
        </test-method> <!-- runScenario -->
        <test-method status="PASS" signature="runScenario(io.cucumber.testng.PickleWrapper,io.cucumber.testng.FeatureWrapper)[pri:0, instance:cucumberOptions.TestNGTestRunner@4eb7f003]" name="runScenario" duration-ms="18888" started-at="2022-02-24T17:52:02 SGT" description="Runs Cucumber Scenarios" data-provider="scenarios" finished-at="2022-02-24T17:52:21 SGT">
          <params>
            <param index="0">
              <value>
                <![CDATA["To check the CSV fileupload function with an invalid data and validate the record is added"]]>
              </value>
            </param>
            <param index="1">
              <value>
                <![CDATA["Optional[Add User from CSVFile]"]]>
              </value>
            </param>
          </params>
          <reporter-output>
          </reporter-output>
        </test-method> <!-- runScenario -->
        <test-method status="PASS" signature="runScenario(io.cucumber.testng.PickleWrapper,io.cucumber.testng.FeatureWrapper)[pri:0, instance:cucumberOptions.TestNGTestRunner@4eb7f003]" name="runScenario" duration-ms="6652" started-at="2022-02-24T17:52:21 SGT" description="Runs Cucumber Scenarios" data-provider="scenarios" finished-at="2022-02-24T17:52:28 SGT">
          <params>
            <param index="0">
              <value>
                <![CDATA["To check the natid field is masked from the 5th character onwards"]]>
              </value>
            </param>
            <param index="1">
              <value>
                <![CDATA["Optional[Add User from CSVFile]"]]>
              </value>
            </param>
          </params>
          <reporter-output>
          </reporter-output>
        </test-method> <!-- runScenario -->
        <test-method status="PASS" signature="tearDownClass()[pri:0, instance:cucumberOptions.TestNGTestRunner@4eb7f003]" name="tearDownClass" is-config="true" duration-ms="450" started-at="2022-02-24T17:52:28 SGT" finished-at="2022-02-24T17:52:28 SGT">
          <reporter-output>
          </reporter-output>
        </test-method> <!-- tearDownClass -->
      </class> <!-- cucumberOptions.TestNGTestRunner -->
    </test> <!-- Surefire test -->
  </suite> <!-- Surefire suite -->
</testng-results>
