<?xml version="1.0" encoding="UTF-8"?>
<testsuite xmlns:xsi="http://www.w3.org/2001/XMLSchema-instance" xsi:noNamespaceSchemaLocation="https://maven.apache.org/surefire/maven-surefire-plugin/xsd/surefire-test-report-3.0.xsd" version="3.0" name="TestSuite" time="318.451" tests="35" errors="0" skipped="0" failures="4">
  <properties>
[...]
</properties>
  <testcase name="runScenario[&quot;To test the getTaxRelief API&quot;, &quot;Optional[To Check API is working]&quot;](1)" classname="cucumberOptions.TestNGTestRunner" time="9.759">
    <system-out><![CDATA[Response Code is200[{"natid":"1231$$","name":"Ajith1","relief":"7000.00"},{"natid":"1241$$","name":"Ajith2","relief":"7000.00"},{"natid":"1251$$","name":"Ajith3","relief":"5600.00"},{"natid":"1261$$","name":"Ajith4","relief":"5600.00"},{"natid":"1271$$","name":"Ajith5","relief":"5600.00"},{"natid":"1281$$","name":"Ajith6","relief":"3500.00"},{"natid":"1291$$","name":"Ajith7","relief":"3500.00"},{"natid":"1301$$","name":"Ajith8","relief":"3500.00"},{"natid":"1311$$","name":"Ajith9","relief":"2569.00"},{"natid":"1321$$","name":"Ajith10","relief":"2569.00"},{"natid":"1331$$","name":"Ajith11","relief":"2569.00"},{"natid":"1341$$","name":"Ajith12","relief":"350.00"},{"natid":"2231$$","name":"Elsa1","relief":"7500.00"},{"natid":"2241$$","name":"Elsa2","relief":"7500.00"},{"natid":"2251$$","name":"Elsa3","relief":"6100.00"},{"natid":"2261$$","name":"Elsa4","relief":"6100.00"},{"natid":"2271$$","name":"Elsa5","relief":"6100.00"},{"natid":"2281$$","name":"Elsa6","relief":"4000.00"},{"natid":"2291$$","name":"Elsa7","relief":"4000.00"},{"natid":"2301$$","name":"Elsa8","relief":"4000.00"},{"natid":"2311$$","name":"Elsa9","relief":"3069.00"},{"natid":"2321$$","name":"Elsa10","relief":"3069.00"},{"natid":"2331$$","name":"Elsa11","relief":"3069.00"},{"natid":"2341$$","name":"Elsa12","relief":"850.00"},{"natid":"1231$$","name":"Ajith1","relief":"7000.00"},{"natid":"1241$$","name":"Ajith2","relief":"7000.00"},{"natid":"1251$$","name":"Ajith3","relief":"5600.00"},{"natid":"1261$$","name":"Ajith4","relief":"5600.00"},{"natid":"1271$$","name":"Ajith5","relief":"5600.00"},{"natid":"1281$$","name":"Ajith6","relief":"3500.00"},{"natid":"1291$$","name":"Ajith7","relief":"3500.00"},{"natid":"1301$$","name":"Ajith8","relief":"3500.00"},{"natid":"1311$$","name":"Ajith9","relief":"2569.00"},{"natid":"1321$$","name":"Ajith10","relief":"2569.00"},{"natid":"1331$$","name":"Ajith11","relief":"2569.00"},{"natid":"1341$$","name":"Ajith12","relief":"350.00"},{"natid":"2231$$","name":"Elsa1","relief":"7500.00"},{"natid":"2241$$","name":"Elsa2","relief":"7500.00"},{"natid":"2251$$","name":"Elsa3","relief":"6100.00"},{"natid":"2261$$","name":"Elsa4","relief":"6100.00"},{"natid":"2271$$","name":"Elsa5","relief":"6100.00"},{"natid":"2281$$","name":"Elsa6","relief":"4000.00"},{"natid":"2291$$","name":"Elsa7","relief":"4000.00"},{"natid":"2301$$","name":"Elsa8","relief":"4000.00"},{"natid":"2311$$","name":"Elsa9","relief":"3069.00"},{"natid":"2321$$","name":"Elsa10","relief":"3069.00"},{"natid":"2331$$","name":"Elsa11","relief":"3069.00"},{"natid":"2341$$","name":"Elsa12","relief":"850.00"},{"natid":"1011$$","name":"Elsa","relief":"49000.00"},{"natid":"1011$$","name":"Elsa","relief":"49000.00"},{"natid":"1011$$","name":"Elsa","relief":"49000.00"},{"natid":"1011$$","name":"Elsa","relief":"49000.00"},{"natid":"1011$$","name":"Elsa","relief":"49000.00"},{"natid":"1011$$","name":"Elsa","relief":"49000.00"},{"natid":"1011$$","name":"Elsa","relief":"49000.00"},{"natid":"1011$$","name":"Elsa","relief":"49000.00"},{"natid":"1011$$","name":"Elsa","relief":"49000.00"},{"natid":"1011$$","name":"Elsa","relief":"49000.00"},{"natid":"1011$$","name":"Elsa","relief":"49000.00"},{"natid":"1011$$","name":"Elsa","relief":"49000.00"},{"natid":"1011$$","name":"Elsa","relief":"49000.00"},{"natid":"1011$$","name":"Elsa","relief":"49000.00"},{"natid":"1011$$","name":"Elsa","relief":"49000.00"},{"natid":"1011$$","name":"Elsa","relief":"49000.00"},{"natid":"1011$$","name":"Elsa","relief":"49000.00"},{"natid":"1011$$","name":"Elsa","relief":"49000.00"},{"natid":"1011$$","name":"Elsa","relief":"49000.00"},{"natid":"1011$$","name":"Elsa","relief":"49000.00"},{"natid":"1231$$","name":"Ajith1","relief":"7000.00"},{"natid":"1241$$","name":"Ajith2","relief":"7000.00"},{"natid":"1251$$","name":"Ajith3","relief":"5600.00"},{"natid":"1261$$","name":"Ajith4","relief":"5600.00"},{"natid":"1271$$","name":"Ajith5","relief":"5600.00"},{"natid":"1281$$","name":"Ajith6","relief":"3500.00"},{"natid":"1291$$","name":"Ajith7","relief":"3500.00"},{"natid":"1301$$","name":"Ajith8","relief":"3500.00"},{"natid":"1311$$","name":"Ajith9","relief":"2569.00"},{"natid":"1321$$","name":"Ajith10","relief":"2569.00"},{"natid":"1331$$","name":"Ajith11","relief":"2569.00"},{"natid":"1341$$","name":"Ajith12","relief":"350.00"},{"natid":"2231$$","name":"Elsa1","relief":"7500.00"},{"natid":"2241$$","name":"Elsa2","relief":"7500.00"},{"natid":"2251$$","name":"Elsa3","relief":"6100.00"},{"natid":"2261$$","name":"Elsa4","relief":"6100.00"},{"natid":"2271$$","name":"Elsa5","relief":"6100.00"},{"natid":"2281$$","name":"Elsa6","relief":"4000.00"},{"natid":"2291$$","name":"Elsa7","relief":"4000.00"},{"natid":"2301$$","name":"Elsa8","relief":"4000.00"},{"natid":"2311$$","name":"Elsa9","relief":"3069.00"},{"natid":"2321$$","name":"Elsa10","relief":"3069.00"},{"natid":"2331$$","name":"Elsa11","relief":"3069.00"},{"natid":"2341$$","name":"Elsa12","relief":"850.00"},{"natid":"1231$$","name":"Ajith1","relief":"7000.00"},{"natid":"1241$$","name":"Ajith2","relief":"7000.00"},{"natid":"1251$$","name":"Ajith3","relief":"5600.00"},{"natid":"1261$$","name":"Ajith4","relief":"5600.00"},{"natid":"1271$$","name":"Ajith5","relief":"5600.00"},{"natid":"1281$$","name":"Ajith6","relief":"3500.00"},{"natid":"1291$$","name":"Ajith7","relief":"3500.00"},{"natid":"1301$$","name":"Ajith8","relief":"3500.00"},{"natid":"1311$$","name":"Ajith9","relief":"2569.00"},{"natid":"1321$$","name":"Ajith10","relief":"2569.00"},{"natid":"1331$$","name":"Ajith11","relief":"2569.00"},{"natid":"1341$$","name":"Ajith12","relief":"350.00"},{"natid":"2231$$","name":"Elsa1","relief":"7500.00"},{"natid":"2241$$","name":"Elsa2","relief":"7500.00"},{"natid":"2251$$","name":"Elsa3","relief":"6100.00"},{"natid":"2261$$","name":"Elsa4","relief":"6100.00"},{"natid":"2271$$","name":"Elsa5","relief":"6100.00"},{"natid":"2281$$","name":"Elsa6","relief":"4000.00"},{"natid":"2291$$","name":"Elsa7","relief":"4000.00"},{"natid":"2301$$","name":"Elsa8","relief":"4000.00"},{"natid":"2311$$","name":"Elsa9","relief":"3069.00"},{"natid":"2321$$","name":"Elsa10","relief":"3069.00"},{"natid":"2331$$","name":"Elsa11","relief":"3069.00"},{"natid":"2341$$","name":"Elsa12","relief":"850.00"},{"natid":"1011$$","name":"Elsa","relief":"49000.00"},{"natid":"1011$$","name":"Elsa","relief":"49000.00"},{"natid":"1011$$","name":"Elsa","relief":"49000.00"},{"natid":"1231$$","name":"Ajith1","relief":"7000.00"},{"natid":"1241$$","name":"Ajith2","relief":"7000.00"},{"natid":"1251$$","name":"Ajith3","relief":"5600.00"},{"natid":"1261$$","name":"Ajith4","relief":"5600.00"},{"natid":"1271$$","name":"Ajith5","relief":"5600.00"},{"natid":"1281$$","name":"Ajith6","relief":"3500.00"},{"natid":"1291$$","name":"Ajith7","relief":"3500.00"},{"natid":"1301$$","name":"Ajith8","relief":"3500.00"},{"natid":"1311$$","name":"Ajith9","relief":"2569.00"},{"natid":"1321$$","name":"Ajith10","relief":"2569.00"},{"natid":"1331$$","name":"Ajith11","relief":"2569.00"},{"natid":"1341$$","name":"Ajith12","relief":"350.00"},{"natid":"2231$$","name":"Elsa1","relief":"7500.00"},{"natid":"2241$$","name":"Elsa2","relief":"7500.00"},{"natid":"2251$$","name":"Elsa3","relief":"6100.00"},{"natid":"2261$$","name":"Elsa4","relief":"6100.00"},{"natid":"2271$$","name":"Elsa5","relief":"6100.00"},{"natid":"2281$$","name":"Elsa6","relief":"4000.00"},{"natid":"2291$$","name":"Elsa7","relief":"4000.00"},{"natid":"2301$$","name":"Elsa8","relief":"4000.00"},{"natid":"2311$$","name":"Elsa9","relief":"3069.00"},{"natid":"2321$$","name":"Elsa10","relief":"3069.00"},{"natid":"2331$$","name":"Elsa11","relief":"3069.00"},{"natid":"2341$$","name":"Elsa12","relief":"850.00"},{"natid":"1011$$","name":"Elsa","relief":"49000.00"},{"natid":"1011$$","name":"Elsa","relief":"49000.00"},{"natid":"1011$$","name":"Elsa","relief":"49000.00"},{"natid":"1231$$","name":"Ajith1","relief":"7000.00"},{"natid":"1241$$","name":"Ajith2","relief":"7000.00"},{"natid":"1251$$","name":"Ajith3","relief":"5600.00"},{"natid":"1261$$","name":"Ajith4","relief":"5600.00"},{"natid":"1271$$","name":"Ajith5","relief":"5600.00"},{"natid":"1281$$","name":"Ajith6","relief":"3500.00"},{"natid":"1291$$","name":"Ajith7","relief":"3500.00"},{"natid":"1301$$","name":"Ajith8","relief":"3500.00"},{"natid":"1311$$","name":"Ajith9","relief":"2569.00"},{"natid":"1321$$","name":"Ajith10","relief":"2569.00"},{"natid":"1331$$","name":"Ajith11","relief":"2569.00"},{"natid":"1341$$","name":"Ajith12","relief":"350.00"},{"natid":"2231$$","name":"Elsa1","relief":"7500.00"},{"natid":"2241$$","name":"Elsa2","relief":"7500.00"},{"natid":"2251$$","name":"Elsa3","relief":"6100.00"},{"natid":"2261$$","name":"Elsa4","relief":"6100.00"},{"natid":"2271$$","name":"Elsa5","relief":"6100.00"},{"natid":"2281$$","name":"Elsa6","relief":"4000.00"},{"natid":"2291$$","name":"Elsa7","relief":"4000.00"},{"natid":"2301$$","name":"Elsa8","relief":"4000.00"},{"natid":"2311$$","name":"Elsa9","relief":"3069.00"},{"natid":"2321$$","name":"Elsa10","relief":"3069.00"},{"natid":"2331$$","name":"Elsa11","relief":"3069.00"},{"natid":"2341$$","name":"Elsa12","relief":"850.00"},{"natid":"1234$$$$","name":"Elsa1","relief":"49000.00"},{"natid":"1231$$","name":"User1","relief":"7000.00"},{"natid":"1011$$","name":"Elsa","relief":"49000.00"},{"natid":"1011$$","name":"Elsa","relief":"49000.00"},{"natid":"1011$$","name":"Elsa","relief":"49000.00"},{"natid":"1231$$","name":"User1","relief":"7000.00"},{"natid":"1241$$","name":"User2","relief":"7000.00"},{"natid":"1231$$","name":"User1","relief":"7000.00"},{"natid":"1241$$","name":"User2","relief":"7000.00"},{"natid":"1231$$","name":"User1","relief":"7000.00"},{"natid":"1231$$","name":"User1","relief":"7000.00"},{"natid":"1241$$","name":"User2","relief":"7000.00"},{"natid":"1241$$","name":"User2","relief":"7000.00"},{"natid":"1231$$","name":"User1","relief":"7000.00"},{"natid":"1231$$","name":"User1","relief":"7000.00"},{"natid":"1241$$","name":"User2","relief":"7000.00"},{"natid":"1241$$","name":"User2","relief":"7000.00"},{"natid":"1231$$","name":"User1","relief":"7000.00"},{"natid":"1231$$","name":"User1","relief":"7000.00"},{"natid":"1241$$","name":"User2","relief":"7000.00"},{"natid":"1241$$","name":"User2","relief":"7000.00"},{"natid":"1231$$","name":"User1","relief":"7000.00"},{"natid":"1241$$","name":"User2","relief":"7000.00"},{"natid":"1231$$","name":"Ajith1","relief":"7000.00"},{"natid":"1241$$","name":"Ajith2","relief":"7000.00"},{"natid":"1251$$","name":"Ajith3","relief":"5600.00"},{"natid":"1261$$","name":"Ajith4","relief":"5600.00"},{"natid":"1271$$","name":"Ajith5","relief":"5600.00"},{"natid":"1281$$","name":"Ajith6","relief":"3500.00"},{"natid":"1291$$","name":"Ajith7","relief":"3500.00"},{"natid":"1301$$","name":"Ajith8","relief":"3500.00"},{"natid":"1311$$","name":"Ajith9","relief":"2569.00"},{"natid":"1321$$","name":"Ajith10","relief":"2569.00"},{"natid":"1331$$","name":"Ajith11","relief":"2569.00"},{"natid":"1341$$","name":"Ajith12","relief":"350.00"},{"natid":"2231$$","name":"Elsa1","relief":"7500.00"},{"natid":"2241$$","name":"Elsa2","relief":"7500.00"},{"natid":"2251$$","name":"Elsa3","relief":"6100.00"},{"natid":"2261$$","name":"Elsa4","relief":"6100.00"},{"natid":"2271$$","name":"Elsa5","relief":"6100.00"},{"natid":"2281$$","name":"Elsa6","relief":"4000.00"},{"natid":"2291$$","name":"Elsa7","relief":"4000.00"},{"natid":"2301$$","name":"Elsa8","relief":"4000.00"},{"natid":"2311$$","name":"Elsa9","relief":"3069.00"},{"natid":"2321$$","name":"Elsa10","relief":"3069.00"},{"natid":"2331$$","name":"Elsa11","relief":"3069.00"},{"natid":"2341$$","name":"Elsa12","relief":"850.00"}]
]]></system-out>
    <system-err><![CDATA[SLF4J: Failed to load class "org.slf4j.impl.StaticLoggerBinder".
SLF4J: Defaulting to no-operation (NOP) logger implementation
SLF4J: See http://www.slf4j.org/codes.html#StaticLoggerBinder for further details.
Starting ChromeDriver 96.0.4664.45 (76e4c1bb2ab4671b8beba3444e61c0f17584b2fc-refs/branch-heads/4664@{#947}) on port 58890
Only local connections are allowed.
Please see https://chromedriver.chromium.org/security-considerations for suggestions on keeping ChromeDriver safe.
ChromeDriver was started successfully.
Feb 24, 2022 5:47:15 PM org.openqa.selenium.remote.ProtocolHandshake createSession
INFO: Detected dialect: W3C
Feb 24, 2022 5:47:15 PM org.openqa.selenium.devtools.CdpVersionFinder findNearestMatch
INFO: Found exact CDP implementation for version 96
]]></system-err>
  </testcase>
  <testcase name="runScenario[&quot;To test the getTaxReliefSummary API&quot;, &quot;Optional[To Check API is working]&quot;](2)" classname="cucumberOptions.TestNGTestRunner" time="3.037">
    <system-out><![CDATA[Response Code is200{"totalWorkingClassHeroes":"217","totalTaxReliefAmount":"2335998.00"}
]]></system-out>
    <system-err><![CDATA[Starting ChromeDriver 96.0.4664.45 (76e4c1bb2ab4671b8beba3444e61c0f17584b2fc-refs/branch-heads/4664@{#947}) on port 52091
Only local connections are allowed.
Please see https://chromedriver.chromium.org/security-considerations for suggestions on keeping ChromeDriver safe.
ChromeDriver was started successfully.
Feb 24, 2022 5:47:22 PM org.openqa.selenium.remote.ProtocolHandshake createSession
INFO: Detected dialect: W3C
Feb 24, 2022 5:47:22 PM org.openqa.selenium.devtools.CdpVersionFinder findNearestMatch
INFO: Found exact CDP implementation for version 96
]]></system-err>
  </testcase>
  <testcase name="runScenario[&quot;To test the Post insertMultiplePerson API&quot;, &quot;Optional[To Check API is working]&quot;](3)" classname="cucumberOptions.TestNGTestRunner" time="3.969">
    <failure message="expected [200] but found [202]" type="java.lang.AssertionError"><![CDATA[java.lang.AssertionError: expected [200] but found [202]
]]></failure>
    <system-out><![CDATA[Response Code is202responseStringAlright
]]></system-out>
    <system-err><![CDATA[Starting ChromeDriver 96.0.4664.45 (76e4c1bb2ab4671b8beba3444e61c0f17584b2fc-refs/branch-heads/4664@{#947}) on port 56492
Only local connections are allowed.
Please see https://chromedriver.chromium.org/security-considerations for suggestions on keeping ChromeDriver safe.
ChromeDriver was started successfully.
Feb 24, 2022 5:47:25 PM org.openqa.selenium.remote.ProtocolHandshake createSession
INFO: Detected dialect: W3C
Feb 24, 2022 5:47:25 PM org.openqa.selenium.devtools.CdpVersionFinder findNearestMatch
INFO: Found exact CDP implementation for version 96
]]></system-err>
  </testcase>
  <testcase name="runScenario[&quot;To test the Post insertMultiplePerson API&quot;, &quot;Optional[To Check API is working]&quot;](4)" classname="cucumberOptions.TestNGTestRunner" time="3.155">
    <failure message="expected [200] but found [202]" type="java.lang.AssertionError"><![CDATA[java.lang.AssertionError: expected [200] but found [202]
]]></failure>
    <system-out><![CDATA[Response Code is202responseStringAlright
]]></system-out>
    <system-err><![CDATA[Starting ChromeDriver 96.0.4664.45 (76e4c1bb2ab4671b8beba3444e61c0f17584b2fc-refs/branch-heads/4664@{#947}) on port 64000
Only local connections are allowed.
Please see https://chromedriver.chromium.org/security-considerations for suggestions on keeping ChromeDriver safe.
ChromeDriver was started successfully.
Feb 24, 2022 5:47:29 PM org.openqa.selenium.remote.ProtocolHandshake createSession
INFO: Detected dialect: W3C
Feb 24, 2022 5:47:29 PM org.openqa.selenium.devtools.CdpVersionFinder findNearestMatch
INFO: Found exact CDP implementation for version 96
]]></system-err>
  </testcase>
  <testcase name="runScenario[&quot;To test the Post insertPerson API&quot;, &quot;Optional[To Check API is working]&quot;](5)" classname="cucumberOptions.TestNGTestRunner" time="3.43">
    <failure message="expected [200] but found [202]" type="java.lang.AssertionError"><![CDATA[java.lang.AssertionError: expected [200] but found [202]
]]></failure>
    <system-out><![CDATA[Response Code is202responseStringAlright
]]></system-out>
    <system-err><![CDATA[Starting ChromeDriver 96.0.4664.45 (76e4c1bb2ab4671b8beba3444e61c0f17584b2fc-refs/branch-heads/4664@{#947}) on port 54278
Only local connections are allowed.
Please see https://chromedriver.chromium.org/security-considerations for suggestions on keeping ChromeDriver safe.
ChromeDriver was started successfully.
Feb 24, 2022 5:47:33 PM org.openqa.selenium.remote.ProtocolHandshake createSession
INFO: Detected dialect: W3C
Feb 24, 2022 5:47:33 PM org.openqa.selenium.devtools.CdpVersionFinder findNearestMatch
INFO: Found exact CDP implementation for version 96
]]></system-err>
  </testcase>
  <testcase name="runScenario[&quot;To test the Post insertPerson API&quot;, &quot;Optional[To Check API is working]&quot;](6)" classname="cucumberOptions.TestNGTestRunner" time="3.941">
    <failure message="expected [200] but found [202]" type="java.lang.AssertionError"><![CDATA[java.lang.AssertionError: expected [200] but found [202]
]]></failure>
    <system-out><![CDATA[Response Code is202responseStringAlright
]]></system-out>
    <system-err><![CDATA[Starting ChromeDriver 96.0.4664.45 (76e4c1bb2ab4671b8beba3444e61c0f17584b2fc-refs/branch-heads/4664@{#947}) on port 50332
Only local connections are allowed.
Please see https://chromedriver.chromium.org/security-considerations for suggestions on keeping ChromeDriver safe.
ChromeDriver was started successfully.
Feb 24, 2022 5:47:36 PM org.openqa.selenium.remote.ProtocolHandshake createSession
INFO: Detected dialect: W3C
Feb 24, 2022 5:47:36 PM org.openqa.selenium.devtools.CdpVersionFinder findNearestMatch
INFO: Found exact CDP implementation for version 96
]]></system-err>
  </testcase>
  <testcase name="runScenario[&quot;To check the Displense Now button availability and the functionality&quot;, &quot;Optional[Checking DispenseButton]&quot;](7)" classname="cucumberOptions.TestNGTestRunner" time="5.759">
    <system-err><![CDATA[Starting ChromeDriver 96.0.4664.45 (76e4c1bb2ab4671b8beba3444e61c0f17584b2fc-refs/branch-heads/4664@{#947}) on port 62029
Only local connections are allowed.
Please see https://chromedriver.chromium.org/security-considerations for suggestions on keeping ChromeDriver safe.
ChromeDriver was started successfully.
Feb 24, 2022 5:47:40 PM org.openqa.selenium.remote.ProtocolHandshake createSession
INFO: Detected dialect: W3C
Feb 24, 2022 5:47:40 PM org.openqa.selenium.devtools.CdpVersionFinder findNearestMatch
INFO: Found exact CDP implementation for version 96
]]></system-err>
  </testcase>
  <testcase name="runScenario[&quot;To chek the taxrelief amount verification for the records&quot;, &quot;Optional[Checking Tax Calculation]&quot;](8)" classname="cucumberOptions.TestNGTestRunner" time="8.992">
    <system-err><![CDATA[Starting ChromeDriver 96.0.4664.45 (76e4c1bb2ab4671b8beba3444e61c0f17584b2fc-refs/branch-heads/4664@{#947}) on port 62302
Only local connections are allowed.
Please see https://chromedriver.chromium.org/security-considerations for suggestions on keeping ChromeDriver safe.
ChromeDriver was started successfully.
Feb 24, 2022 5:47:46 PM org.openqa.selenium.remote.ProtocolHandshake createSession
INFO: Detected dialect: W3C
Feb 24, 2022 5:47:46 PM org.openqa.selenium.devtools.CdpVersionFinder findNearestMatch
INFO: Found exact CDP implementation for version 96
]]></system-err>
  </testcase>
  <testcase name="runScenario[&quot;To chek the taxrelief amount verification for the records&quot;, &quot;Optional[Checking Tax Calculation]&quot;](9)" classname="cucumberOptions.TestNGTestRunner" time="8.44">
    <system-err><![CDATA[Starting ChromeDriver 96.0.4664.45 (76e4c1bb2ab4671b8beba3444e61c0f17584b2fc-refs/branch-heads/4664@{#947}) on port 49236
Only local connections are allowed.
Please see https://chromedriver.chromium.org/security-considerations for suggestions on keeping ChromeDriver safe.
ChromeDriver was started successfully.
Feb 24, 2022 5:47:55 PM org.openqa.selenium.remote.ProtocolHandshake createSession
INFO: Detected dialect: W3C
Feb 24, 2022 5:47:55 PM org.openqa.selenium.devtools.CdpVersionFinder findNearestMatch
INFO: Found exact CDP implementation for version 96
]]></system-err>
  </testcase>
  <testcase name="runScenario[&quot;To chek the taxrelief amount verification for the records&quot;, &quot;Optional[Checking Tax Calculation]&quot;](10)" classname="cucumberOptions.TestNGTestRunner" time="8.918">
    <system-err><![CDATA[Starting ChromeDriver 96.0.4664.45 (76e4c1bb2ab4671b8beba3444e61c0f17584b2fc-refs/branch-heads/4664@{#947}) on port 53583
Only local connections are allowed.
Please see https://chromedriver.chromium.org/security-considerations for suggestions on keeping ChromeDriver safe.
ChromeDriver was started successfully.
Feb 24, 2022 5:48:03 PM org.openqa.selenium.remote.ProtocolHandshake createSession
INFO: Detected dialect: W3C
Feb 24, 2022 5:48:03 PM org.openqa.selenium.devtools.CdpVersionFinder findNearestMatch
INFO: Found exact CDP implementation for version 96
]]></system-err>
  </testcase>
  <testcase name="runScenario[&quot;To chek the taxrelief amount verification for the records&quot;, &quot;Optional[Checking Tax Calculation]&quot;](11)" classname="cucumberOptions.TestNGTestRunner" time="9.974">
    <system-err><![CDATA[Starting ChromeDriver 96.0.4664.45 (76e4c1bb2ab4671b8beba3444e61c0f17584b2fc-refs/branch-heads/4664@{#947}) on port 50997
Only local connections are allowed.
Please see https://chromedriver.chromium.org/security-considerations for suggestions on keeping ChromeDriver safe.
ChromeDriver was started successfully.
Feb 24, 2022 5:48:14 PM org.openqa.selenium.remote.ProtocolHandshake createSession
INFO: Detected dialect: W3C
Feb 24, 2022 5:48:14 PM org.openqa.selenium.devtools.CdpVersionFinder findNearestMatch
INFO: Found exact CDP implementation for version 96
]]></system-err>
  </testcase>
  <testcase name="runScenario[&quot;To chek the taxrelief amount verification for the records&quot;, &quot;Optional[Checking Tax Calculation]&quot;](12)" classname="cucumberOptions.TestNGTestRunner" time="8.147">
    <system-err><![CDATA[Starting ChromeDriver 96.0.4664.45 (76e4c1bb2ab4671b8beba3444e61c0f17584b2fc-refs/branch-heads/4664@{#947}) on port 54930
Only local connections are allowed.
Please see https://chromedriver.chromium.org/security-considerations for suggestions on keeping ChromeDriver safe.
ChromeDriver was started successfully.
Feb 24, 2022 5:48:22 PM org.openqa.selenium.remote.ProtocolHandshake createSession
INFO: Detected dialect: W3C
Feb 24, 2022 5:48:22 PM org.openqa.selenium.devtools.CdpVersionFinder findNearestMatch
INFO: Found exact CDP implementation for version 96
]]></system-err>
  </testcase>
  <testcase name="runScenario[&quot;To chek the taxrelief amount verification for the records&quot;, &quot;Optional[Checking Tax Calculation]&quot;](13)" classname="cucumberOptions.TestNGTestRunner" time="8.121">
    <system-err><![CDATA[Starting ChromeDriver 96.0.4664.45 (76e4c1bb2ab4671b8beba3444e61c0f17584b2fc-refs/branch-heads/4664@{#947}) on port 64958
Only local connections are allowed.
Please see https://chromedriver.chromium.org/security-considerations for suggestions on keeping ChromeDriver safe.
ChromeDriver was started successfully.
Feb 24, 2022 5:48:30 PM org.openqa.selenium.remote.ProtocolHandshake createSession
INFO: Detected dialect: W3C
Feb 24, 2022 5:48:30 PM org.openqa.selenium.devtools.CdpVersionFinder findNearestMatch
INFO: Found exact CDP implementation for version 96
]]></system-err>
  </testcase>
  <testcase name="runScenario[&quot;To chek the taxrelief amount verification for the records&quot;, &quot;Optional[Checking Tax Calculation]&quot;](14)" classname="cucumberOptions.TestNGTestRunner" time="8.431">
    <system-err><![CDATA[Starting ChromeDriver 96.0.4664.45 (76e4c1bb2ab4671b8beba3444e61c0f17584b2fc-refs/branch-heads/4664@{#947}) on port 53554
Only local connections are allowed.
Please see https://chromedriver.chromium.org/security-considerations for suggestions on keeping ChromeDriver safe.
ChromeDriver was started successfully.
Feb 24, 2022 5:48:38 PM org.openqa.selenium.remote.ProtocolHandshake createSession
INFO: Detected dialect: W3C
Feb 24, 2022 5:48:38 PM org.openqa.selenium.devtools.CdpVersionFinder findNearestMatch
INFO: Found exact CDP implementation for version 96
]]></system-err>
  </testcase>
  <testcase name="runScenario[&quot;To chek the taxrelief amount verification for the records&quot;, &quot;Optional[Checking Tax Calculation]&quot;](15)" classname="cucumberOptions.TestNGTestRunner" time="10.049">
    <system-err><![CDATA[Starting ChromeDriver 96.0.4664.45 (76e4c1bb2ab4671b8beba3444e61c0f17584b2fc-refs/branch-heads/4664@{#947}) on port 49546
Only local connections are allowed.
Please see https://chromedriver.chromium.org/security-considerations for suggestions on keeping ChromeDriver safe.
ChromeDriver was started successfully.
Feb 24, 2022 5:48:48 PM org.openqa.selenium.remote.ProtocolHandshake createSession
INFO: Detected dialect: W3C
Feb 24, 2022 5:48:48 PM org.openqa.selenium.devtools.CdpVersionFinder findNearestMatch
INFO: Found exact CDP implementation for version 96
]]></system-err>
  </testcase>
  <testcase name="runScenario[&quot;To chek the taxrelief amount verification for the records&quot;, &quot;Optional[Checking Tax Calculation]&quot;](16)" classname="cucumberOptions.TestNGTestRunner" time="11.403">
    <system-err><![CDATA[Starting ChromeDriver 96.0.4664.45 (76e4c1bb2ab4671b8beba3444e61c0f17584b2fc-refs/branch-heads/4664@{#947}) on port 60676
Only local connections are allowed.
Please see https://chromedriver.chromium.org/security-considerations for suggestions on keeping ChromeDriver safe.
ChromeDriver was started successfully.
Feb 24, 2022 5:48:59 PM org.openqa.selenium.remote.ProtocolHandshake createSession
INFO: Detected dialect: W3C
Feb 24, 2022 5:48:59 PM org.openqa.selenium.devtools.CdpVersionFinder findNearestMatch
INFO: Found exact CDP implementation for version 96
]]></system-err>
  </testcase>
  <testcase name="runScenario[&quot;To chek the taxrelief amount verification for the records&quot;, &quot;Optional[Checking Tax Calculation]&quot;](17)" classname="cucumberOptions.TestNGTestRunner" time="10.117">
    <system-err><![CDATA[Starting ChromeDriver 96.0.4664.45 (76e4c1bb2ab4671b8beba3444e61c0f17584b2fc-refs/branch-heads/4664@{#947}) on port 52771
Only local connections are allowed.
Please see https://chromedriver.chromium.org/security-considerations for suggestions on keeping ChromeDriver safe.
ChromeDriver was started successfully.
Feb 24, 2022 5:49:08 PM org.openqa.selenium.remote.ProtocolHandshake createSession
INFO: Detected dialect: W3C
Feb 24, 2022 5:49:08 PM org.openqa.selenium.devtools.CdpVersionFinder findNearestMatch
INFO: Found exact CDP implementation for version 96
]]></system-err>
  </testcase>
  <testcase name="runScenario[&quot;To chek the taxrelief amount verification for the records&quot;, &quot;Optional[Checking Tax Calculation]&quot;](18)" classname="cucumberOptions.TestNGTestRunner" time="8.854">
    <system-err><![CDATA[Starting ChromeDriver 96.0.4664.45 (76e4c1bb2ab4671b8beba3444e61c0f17584b2fc-refs/branch-heads/4664@{#947}) on port 51950
Only local connections are allowed.
Please see https://chromedriver.chromium.org/security-considerations for suggestions on keeping ChromeDriver safe.
ChromeDriver was started successfully.
Feb 24, 2022 5:49:18 PM org.openqa.selenium.remote.ProtocolHandshake createSession
INFO: Detected dialect: W3C
Feb 24, 2022 5:49:18 PM org.openqa.selenium.devtools.CdpVersionFinder findNearestMatch
INFO: Found exact CDP implementation for version 96
]]></system-err>
  </testcase>
  <testcase name="runScenario[&quot;To chek the taxrelief amount verification for the records&quot;, &quot;Optional[Checking Tax Calculation]&quot;](19)" classname="cucumberOptions.TestNGTestRunner" time="8.25">
    <system-err><![CDATA[Starting ChromeDriver 96.0.4664.45 (76e4c1bb2ab4671b8beba3444e61c0f17584b2fc-refs/branch-heads/4664@{#947}) on port 57023
Only local connections are allowed.
Please see https://chromedriver.chromium.org/security-considerations for suggestions on keeping ChromeDriver safe.
ChromeDriver was started successfully.
Feb 24, 2022 5:49:27 PM org.openqa.selenium.remote.ProtocolHandshake createSession
INFO: Detected dialect: W3C
Feb 24, 2022 5:49:27 PM org.openqa.selenium.devtools.CdpVersionFinder findNearestMatch
INFO: Found exact CDP implementation for version 96
]]></system-err>
  </testcase>
  <testcase name="runScenario[&quot;To chek the taxrelief amount verification for the records&quot;, &quot;Optional[Checking Tax Calculation]&quot;](20)" classname="cucumberOptions.TestNGTestRunner" time="8.381">
    <system-err><![CDATA[Starting ChromeDriver 96.0.4664.45 (76e4c1bb2ab4671b8beba3444e61c0f17584b2fc-refs/branch-heads/4664@{#947}) on port 52612
Only local connections are allowed.
Please see https://chromedriver.chromium.org/security-considerations for suggestions on keeping ChromeDriver safe.
ChromeDriver was started successfully.
Feb 24, 2022 5:49:36 PM org.openqa.selenium.remote.ProtocolHandshake createSession
INFO: Detected dialect: W3C
Feb 24, 2022 5:49:36 PM org.openqa.selenium.devtools.CdpVersionFinder findNearestMatch
INFO: Found exact CDP implementation for version 96
]]></system-err>
  </testcase>
  <testcase name="runScenario[&quot;To chek the taxrelief amount verification for the records&quot;, &quot;Optional[Checking Tax Calculation]&quot;](21)" classname="cucumberOptions.TestNGTestRunner" time="8.162">
    <system-err><![CDATA[Starting ChromeDriver 96.0.4664.45 (76e4c1bb2ab4671b8beba3444e61c0f17584b2fc-refs/branch-heads/4664@{#947}) on port 49641
Only local connections are allowed.
Please see https://chromedriver.chromium.org/security-considerations for suggestions on keeping ChromeDriver safe.
ChromeDriver was started successfully.
Feb 24, 2022 5:49:44 PM org.openqa.selenium.remote.ProtocolHandshake createSession
INFO: Detected dialect: W3C
Feb 24, 2022 5:49:44 PM org.openqa.selenium.devtools.CdpVersionFinder findNearestMatch
INFO: Found exact CDP implementation for version 96
]]></system-err>
  </testcase>
  <testcase name="runScenario[&quot;To chek the taxrelief amount verification for the records&quot;, &quot;Optional[Checking Tax Calculation]&quot;](22)" classname="cucumberOptions.TestNGTestRunner" time="9.51">
    <system-err><![CDATA[Starting ChromeDriver 96.0.4664.45 (76e4c1bb2ab4671b8beba3444e61c0f17584b2fc-refs/branch-heads/4664@{#947}) on port 52612
Only local connections are allowed.
Please see https://chromedriver.chromium.org/security-considerations for suggestions on keeping ChromeDriver safe.
ChromeDriver was started successfully.
Feb 24, 2022 5:49:52 PM org.openqa.selenium.remote.ProtocolHandshake createSession
INFO: Detected dialect: W3C
Feb 24, 2022 5:49:52 PM org.openqa.selenium.devtools.CdpVersionFinder findNearestMatch
INFO: Found exact CDP implementation for version 96
]]></system-err>
  </testcase>
  <testcase name="runScenario[&quot;To chek the taxrelief amount verification for the records&quot;, &quot;Optional[Checking Tax Calculation]&quot;](23)" classname="cucumberOptions.TestNGTestRunner" time="10.033">
    <system-err><![CDATA[Starting ChromeDriver 96.0.4664.45 (76e4c1bb2ab4671b8beba3444e61c0f17584b2fc-refs/branch-heads/4664@{#947}) on port 60734
Only local connections are allowed.
Please see https://chromedriver.chromium.org/security-considerations for suggestions on keeping ChromeDriver safe.
ChromeDriver was started successfully.
Feb 24, 2022 5:50:02 PM org.openqa.selenium.remote.ProtocolHandshake createSession
INFO: Detected dialect: W3C
Feb 24, 2022 5:50:02 PM org.openqa.selenium.devtools.CdpVersionFinder findNearestMatch
INFO: Found exact CDP implementation for version 96
]]></system-err>
  </testcase>
  <testcase name="runScenario[&quot;To chek the taxrelief amount verification for the records&quot;, &quot;Optional[Checking Tax Calculation]&quot;](24)" classname="cucumberOptions.TestNGTestRunner" time="10.547">
    <system-err><![CDATA[Starting ChromeDriver 96.0.4664.45 (76e4c1bb2ab4671b8beba3444e61c0f17584b2fc-refs/branch-heads/4664@{#947}) on port 61515
Only local connections are allowed.
Please see https://chromedriver.chromium.org/security-considerations for suggestions on keeping ChromeDriver safe.
ChromeDriver was started successfully.
Feb 24, 2022 5:50:12 PM org.openqa.selenium.remote.ProtocolHandshake createSession
INFO: Detected dialect: W3C
Feb 24, 2022 5:50:12 PM org.openqa.selenium.devtools.CdpVersionFinder findNearestMatch
INFO: Found exact CDP implementation for version 96
]]></system-err>
  </testcase>
  <testcase name="runScenario[&quot;To chek the taxrelief amount verification for the records&quot;, &quot;Optional[Checking Tax Calculation]&quot;](25)" classname="cucumberOptions.TestNGTestRunner" time="9.308">
    <system-err><![CDATA[Starting ChromeDriver 96.0.4664.45 (76e4c1bb2ab4671b8beba3444e61c0f17584b2fc-refs/branch-heads/4664@{#947}) on port 64908
Only local connections are allowed.
Please see https://chromedriver.chromium.org/security-considerations for suggestions on keeping ChromeDriver safe.
ChromeDriver was started successfully.
Feb 24, 2022 5:50:23 PM org.openqa.selenium.remote.ProtocolHandshake createSession
INFO: Detected dialect: W3C
Feb 24, 2022 5:50:23 PM org.openqa.selenium.devtools.CdpVersionFinder findNearestMatch
INFO: Found exact CDP implementation for version 96
]]></system-err>
  </testcase>
  <testcase name="runScenario[&quot;To chek the taxrelief amount verification for the records&quot;, &quot;Optional[Checking Tax Calculation]&quot;](26)" classname="cucumberOptions.TestNGTestRunner" time="9.993">
    <system-err><![CDATA[Starting ChromeDriver 96.0.4664.45 (76e4c1bb2ab4671b8beba3444e61c0f17584b2fc-refs/branch-heads/4664@{#947}) on port 57698
Only local connections are allowed.
Please see https://chromedriver.chromium.org/security-considerations for suggestions on keeping ChromeDriver safe.
ChromeDriver was started successfully.
Feb 24, 2022 5:50:32 PM org.openqa.selenium.remote.ProtocolHandshake createSession
INFO: Detected dialect: W3C
Feb 24, 2022 5:50:32 PM org.openqa.selenium.devtools.CdpVersionFinder findNearestMatch
INFO: Found exact CDP implementation for version 96
]]></system-err>
  </testcase>
  <testcase name="runScenario[&quot;To chek the taxrelief amount verification for the records&quot;, &quot;Optional[Checking Tax Calculation]&quot;](27)" classname="cucumberOptions.TestNGTestRunner" time="11.042">
    <system-err><![CDATA[Starting ChromeDriver 96.0.4664.45 (76e4c1bb2ab4671b8beba3444e61c0f17584b2fc-refs/branch-heads/4664@{#947}) on port 60601
Only local connections are allowed.
Please see https://chromedriver.chromium.org/security-considerations for suggestions on keeping ChromeDriver safe.
ChromeDriver was started successfully.
Feb 24, 2022 5:50:42 PM org.openqa.selenium.remote.ProtocolHandshake createSession
INFO: Detected dialect: W3C
Feb 24, 2022 5:50:42 PM org.openqa.selenium.devtools.CdpVersionFinder findNearestMatch
INFO: Found exact CDP implementation for version 96
]]></system-err>
  </testcase>
  <testcase name="runScenario[&quot;To chek the taxrelief amount verification for the records&quot;, &quot;Optional[Checking Tax Calculation]&quot;](28)" classname="cucumberOptions.TestNGTestRunner" time="9.678">
    <system-err><![CDATA[Starting ChromeDriver 96.0.4664.45 (76e4c1bb2ab4671b8beba3444e61c0f17584b2fc-refs/branch-heads/4664@{#947}) on port 54075
Only local connections are allowed.
Please see https://chromedriver.chromium.org/security-considerations for suggestions on keeping ChromeDriver safe.
ChromeDriver was started successfully.
Feb 24, 2022 5:50:53 PM org.openqa.selenium.remote.ProtocolHandshake createSession
INFO: Detected dialect: W3C
Feb 24, 2022 5:50:53 PM org.openqa.selenium.devtools.CdpVersionFinder findNearestMatch
INFO: Found exact CDP implementation for version 96
]]></system-err>
  </testcase>
  <testcase name="runScenario[&quot;To chek the taxrelief amount verification for the records&quot;, &quot;Optional[Checking Tax Calculation]&quot;](29)" classname="cucumberOptions.TestNGTestRunner" time="10.322">
    <system-err><![CDATA[Starting ChromeDriver 96.0.4664.45 (76e4c1bb2ab4671b8beba3444e61c0f17584b2fc-refs/branch-heads/4664@{#947}) on port 58504
Only local connections are allowed.
Please see https://chromedriver.chromium.org/security-considerations for suggestions on keeping ChromeDriver safe.
ChromeDriver was started successfully.
Feb 24, 2022 5:51:02 PM org.openqa.selenium.remote.ProtocolHandshake createSession
INFO: Detected dialect: W3C
Feb 24, 2022 5:51:02 PM org.openqa.selenium.devtools.CdpVersionFinder findNearestMatch
INFO: Found exact CDP implementation for version 96
]]></system-err>
  </testcase>
  <testcase name="runScenario[&quot;To chek the taxrelief amount verification for the records&quot;, &quot;Optional[Checking Tax Calculation]&quot;](30)" classname="cucumberOptions.TestNGTestRunner" time="11.212">
    <system-err><![CDATA[Starting ChromeDriver 96.0.4664.45 (76e4c1bb2ab4671b8beba3444e61c0f17584b2fc-refs/branch-heads/4664@{#947}) on port 65064
Only local connections are allowed.
Please see https://chromedriver.chromium.org/security-considerations for suggestions on keeping ChromeDriver safe.
ChromeDriver was started successfully.
Feb 24, 2022 5:51:13 PM org.openqa.selenium.remote.ProtocolHandshake createSession
INFO: Detected dialect: W3C
Feb 24, 2022 5:51:13 PM org.openqa.selenium.devtools.CdpVersionFinder findNearestMatch
INFO: Found exact CDP implementation for version 96
]]></system-err>
  </testcase>
  <testcase name="runScenario[&quot;To chek the taxrelief amount verification for the records&quot;, &quot;Optional[Checking Tax Calculation]&quot;](31)" classname="cucumberOptions.TestNGTestRunner" time="9.927">
    <system-err><![CDATA[Starting ChromeDriver 96.0.4664.45 (76e4c1bb2ab4671b8beba3444e61c0f17584b2fc-refs/branch-heads/4664@{#947}) on port 59635
Only local connections are allowed.
Please see https://chromedriver.chromium.org/security-considerations for suggestions on keeping ChromeDriver safe.
ChromeDriver was started successfully.
Feb 24, 2022 5:51:24 PM org.openqa.selenium.remote.ProtocolHandshake createSession
INFO: Detected dialect: W3C
Feb 24, 2022 5:51:24 PM org.openqa.selenium.devtools.CdpVersionFinder findNearestMatch
INFO: Found exact CDP implementation for version 96
]]></system-err>
  </testcase>
  <testcase name="runScenario[&quot;To check the Tax amount displayed is correct&quot;, &quot;Optional[Checking Tax Calculation]&quot;](32)" classname="cucumberOptions.TestNGTestRunner" time="11.526">
    <system-err><![CDATA[Starting ChromeDriver 96.0.4664.45 (76e4c1bb2ab4671b8beba3444e61c0f17584b2fc-refs/branch-heads/4664@{#947}) on port 62520
Only local connections are allowed.
Please see https://chromedriver.chromium.org/security-considerations for suggestions on keeping ChromeDriver safe.
ChromeDriver was started successfully.
Feb 24, 2022 5:51:34 PM org.openqa.selenium.remote.ProtocolHandshake createSession
INFO: Detected dialect: W3C
Feb 24, 2022 5:51:34 PM org.openqa.selenium.devtools.CdpVersionFinder findNearestMatch
INFO: Found exact CDP implementation for version 96
]]></system-err>
  </testcase>
  <testcase name="runScenario[&quot;To check the CSV fileupload function with a valid data and validate the records are added&quot;, &quot;Optional[Add User from CSVFile]&quot;](33)" classname="cucumberOptions.TestNGTestRunner" time="18.777">
    <system-err><![CDATA[Starting ChromeDriver 96.0.4664.45 (76e4c1bb2ab4671b8beba3444e61c0f17584b2fc-refs/branch-heads/4664@{#947}) on port 52532
Only local connections are allowed.
Please see https://chromedriver.chromium.org/security-considerations for suggestions on keeping ChromeDriver safe.
ChromeDriver was started successfully.
Feb 24, 2022 5:51:45 PM org.openqa.selenium.remote.ProtocolHandshake createSession
INFO: Detected dialect: W3C
Feb 24, 2022 5:51:45 PM org.openqa.selenium.devtools.CdpVersionFinder findNearestMatch
INFO: Found exact CDP implementation for version 96
]]></system-err>
  </testcase>
  <testcase name="runScenario[&quot;To check the CSV fileupload function with an invalid data and validate the record is added&quot;, &quot;Optional[Add User from CSVFile]&quot;](34)" classname="cucumberOptions.TestNGTestRunner" time="18.891">
    <system-err><![CDATA[Starting ChromeDriver 96.0.4664.45 (76e4c1bb2ab4671b8beba3444e61c0f17584b2fc-refs/branch-heads/4664@{#947}) on port 61129
Only local connections are allowed.
Please see https://chromedriver.chromium.org/security-considerations for suggestions on keeping ChromeDriver safe.
ChromeDriver was started successfully.
Feb 24, 2022 5:52:04 PM org.openqa.selenium.remote.ProtocolHandshake createSession
INFO: Detected dialect: W3C
Feb 24, 2022 5:52:04 PM org.openqa.selenium.devtools.CdpVersionFinder findNearestMatch
INFO: Found exact CDP implementation for version 96
]]></system-err>
  </testcase>
  <testcase name="runScenario[&quot;To check the natid field is masked from the 5th character onwards&quot;, &quot;Optional[Add User from CSVFile]&quot;](35)" classname="cucumberOptions.TestNGTestRunner" time="6.653">
    <system-err><![CDATA[Starting ChromeDriver 96.0.4664.45 (76e4c1bb2ab4671b8beba3444e61c0f17584b2fc-refs/branch-heads/4664@{#947}) on port 56220
Only local connections are allowed.
Please see https://chromedriver.chromium.org/security-considerations for suggestions on keeping ChromeDriver safe.
ChromeDriver was started successfully.
Feb 24, 2022 5:52:23 PM org.openqa.selenium.remote.ProtocolHandshake createSession
INFO: Detected dialect: W3C
Feb 24, 2022 5:52:23 PM org.openqa.selenium.devtools.CdpVersionFinder findNearestMatch
INFO: Found exact CDP implementation for version 96
]]></system-err>
  </testcase>
</testsuite>