<?xml version="1.0" encoding="UTF-8"?>
<testng-results skipped="0" failed="2" ignored="0" total="33" passed="31">
  <reporter-output>
  </reporter-output>
  <suite name="Surefire suite" duration-ms="317147" started-at="2022-02-24T11:34:55 SGT" finished-at="2022-02-24T11:40:12 SGT">
    <groups>
      <group name="cucumber">
        <method signature="AbstractTestNGCucumberTests.runScenario(io.cucumber.testng.PickleWrapper,io.cucumber.testng.FeatureWrapper)[pri:0, instance:cucumberOptions.TestNGTestRunner@4eb7f003]" name="runScenario" class="io.cucumber.testng.AbstractTestNGCucumberTests"/>
      </group> <!-- cucumber -->
    </groups>
    <test name="Surefire test" duration-ms="317147" started-at="2022-02-24T11:34:55 SGT" finished-at="2022-02-24T11:40:12 SGT">
      <class name="cucumberOptions.TestNGTestRunner">
        <test-method status="PASS" signature="setUpClass(org.testng.ITestContext)[pri:0, instance:cucumberOptions.TestNGTestRunner@4eb7f003]" name="setUpClass" is-config="true" duration-ms="705" started-at="2022-02-24T11:34:55 SGT" finished-at="2022-02-24T11:34:56 SGT">
          <params>
            <param index="0">
              <value>
                <![CDATA[org.testng.TestRunner@3e12c5de]]>
              </value>
            </param>
          </params>
          <reporter-output>
          </reporter-output>
        </test-method> <!-- setUpClass -->
        <test-method status="PASS" signature="runScenario(io.cucumber.testng.PickleWrapper,io.cucumber.testng.FeatureWrapper)[pri:0, instance:cucumberOptions.TestNGTestRunner@4eb7f003]" name="runScenario" duration-ms="8305" started-at="2022-02-24T11:34:56 SGT" description="Runs Cucumber Scenarios" data-provider="scenarios" finished-at="2022-02-24T11:35:04 SGT">
          <params>
            <param index="0">
              <value>
                <![CDATA["To test the getTaxRelief API"]]>
              </value>
            </param>
            <param index="1">
              <value>
                <![CDATA["Optional[To Check API is working]"]]>
              </value>
            </param>
          </params>
          <reporter-output>
          </reporter-output>
        </test-method> <!-- runScenario -->
        <test-method status="PASS" signature="runScenario(io.cucumber.testng.PickleWrapper,io.cucumber.testng.FeatureWrapper)[pri:0, instance:cucumberOptions.TestNGTestRunner@4eb7f003]" name="runScenario" duration-ms="4004" started-at="2022-02-24T11:35:04 SGT" description="Runs Cucumber Scenarios" data-provider="scenarios" finished-at="2022-02-24T11:35:08 SGT">
          <params>
            <param index="0">
              <value>
                <![CDATA["To test the getTaxReliefSummary API"]]>
              </value>
            </param>
            <param index="1">
              <value>
                <![CDATA["Optional[To Check API is working]"]]>
              </value>
            </param>
          </params>
          <reporter-output>
          </reporter-output>
        </test-method> <!-- runScenario -->
        <test-method status="FAIL" signature="runScenario(io.cucumber.testng.PickleWrapper,io.cucumber.testng.FeatureWrapper)[pri:0, instance:cucumberOptions.TestNGTestRunner@4eb7f003]" name="runScenario" duration-ms="4485" started-at="2022-02-24T11:35:08 SGT" description="Runs Cucumber Scenarios" data-provider="scenarios" finished-at="2022-02-24T11:35:13 SGT">
          <params>
            <param index="0">
              <value>
                <![CDATA["To test the Post insertPerson API"]]>
              </value>
            </param>
            <param index="1">
              <value>
                <![CDATA["Optional[To Check API is working]"]]>
              </value>
            </param>
          </params>
          <exception class="java.lang.AssertionError">
            <message>
              <![CDATA[expected [200] but found [202]]]>
            </message>
            <full-stacktrace>
              <![CDATA[java.lang.AssertionError: expected [200] but found [202]
at org.testng.Assert.fail(Assert.java:99)
at org.testng.Assert.failNotEquals(Assert.java:1037)
at org.testng.Assert.assertEqualsImpl(Assert.java:140)
at org.testng.Assert.assertEquals(Assert.java:122)
at org.testng.Assert.assertEquals(Assert.java:907)
at org.testng.Assert.assertEquals(Assert.java:917)
at stepDefinitions.APIStepDefinition.validate_the_response(APIStepDefinition.java:63)
at ✽.Validate the Response(file:///C:/Elsa/TechChallenge/TheOPPENHEIMER/src/test/java/features/APITesting.feature:23)
]]>
            </full-stacktrace>
          </exception> <!-- java.lang.AssertionError -->
          <reporter-output>
          </reporter-output>
        </test-method> <!-- runScenario -->
        <test-method status="FAIL" signature="runScenario(io.cucumber.testng.PickleWrapper,io.cucumber.testng.FeatureWrapper)[pri:0, instance:cucumberOptions.TestNGTestRunner@4eb7f003]" name="runScenario" duration-ms="3617" started-at="2022-02-24T11:35:13 SGT" description="Runs Cucumber Scenarios" data-provider="scenarios" finished-at="2022-02-24T11:35:16 SGT">
          <params>
            <param index="0">
              <value>
                <![CDATA["To test the Post insertMultiplePerson API"]]>
              </value>
            </param>
            <param index="1">
              <value>
                <![CDATA["Optional[To Check API is working]"]]>
              </value>
            </param>
          </params>
          <exception class="java.lang.AssertionError">
            <message>
              <![CDATA[expected [200] but found [202]]]>
            </message>
            <full-stacktrace>
              <![CDATA[java.lang.AssertionError: expected [200] but found [202]
at org.testng.Assert.fail(Assert.java:99)
at org.testng.Assert.failNotEquals(Assert.java:1037)
at org.testng.Assert.assertEqualsImpl(Assert.java:140)
at org.testng.Assert.assertEquals(Assert.java:122)
at org.testng.Assert.assertEquals(Assert.java:907)
at org.testng.Assert.assertEquals(Assert.java:917)
at stepDefinitions.APIStepDefinition.validate_the_response(APIStepDefinition.java:63)
at ✽.Validate the Response(file:///C:/Elsa/TechChallenge/TheOPPENHEIMER/src/test/java/features/APITesting.feature:30)
]]>
            </full-stacktrace>
          </exception> <!-- java.lang.AssertionError -->
          <reporter-output>
          </reporter-output>
        </test-method> <!-- runScenario -->
        <test-method status="PASS" signature="runScenario(io.cucumber.testng.PickleWrapper,io.cucumber.testng.FeatureWrapper)[pri:0, instance:cucumberOptions.TestNGTestRunner@4eb7f003]" name="runScenario" duration-ms="10555" started-at="2022-02-24T11:35:16 SGT" description="Runs Cucumber Scenarios" data-provider="scenarios" finished-at="2022-02-24T11:35:27 SGT">
          <params>
            <param index="0">
              <value>
                <![CDATA["To check the Displense Now button availability and the functionality"]]>
              </value>
            </param>
            <param index="1">
              <value>
                <![CDATA["Optional[Checking working class heroes tax relief]"]]>
              </value>
            </param>
          </params>
          <reporter-output>
          </reporter-output>
        </test-method> <!-- runScenario -->
        <test-method status="PASS" signature="runScenario(io.cucumber.testng.PickleWrapper,io.cucumber.testng.FeatureWrapper)[pri:0, instance:cucumberOptions.TestNGTestRunner@4eb7f003]" name="runScenario" duration-ms="18363" started-at="2022-02-24T11:35:27 SGT" description="Runs Cucumber Scenarios" data-provider="scenarios" finished-at="2022-02-24T11:35:45 SGT">
          <params>
            <param index="0">
              <value>
                <![CDATA["To check the CSV fileupload function with a valid data and validate the records are added"]]>
              </value>
            </param>
            <param index="1">
              <value>
                <![CDATA["Optional[Checking working class heroes tax relief]"]]>
              </value>
            </param>
          </params>
          <reporter-output>
          </reporter-output>
        </test-method> <!-- runScenario -->
        <test-method status="PASS" signature="runScenario(io.cucumber.testng.PickleWrapper,io.cucumber.testng.FeatureWrapper)[pri:0, instance:cucumberOptions.TestNGTestRunner@4eb7f003]" name="runScenario" duration-ms="17769" started-at="2022-02-24T11:35:45 SGT" description="Runs Cucumber Scenarios" data-provider="scenarios" finished-at="2022-02-24T11:36:03 SGT">
          <params>
            <param index="0">
              <value>
                <![CDATA["To check the CSV fileupload function with an invalid data and validate the record is added"]]>
              </value>
            </param>
            <param index="1">
              <value>
                <![CDATA["Optional[Checking working class heroes tax relief]"]]>
              </value>
            </param>
          </params>
          <reporter-output>
          </reporter-output>
        </test-method> <!-- runScenario -->
        <test-method status="PASS" signature="runScenario(io.cucumber.testng.PickleWrapper,io.cucumber.testng.FeatureWrapper)[pri:0, instance:cucumberOptions.TestNGTestRunner@4eb7f003]" name="runScenario" duration-ms="16290" started-at="2022-02-24T11:36:03 SGT" description="Runs Cucumber Scenarios" data-provider="scenarios" finished-at="2022-02-24T11:36:19 SGT">
          <params>
            <param index="0">
              <value>
                <![CDATA["To check the natid field is masked from the 5th character onwards"]]>
              </value>
            </param>
            <param index="1">
              <value>
                <![CDATA["Optional[Checking working class heroes tax relief]"]]>
              </value>
            </param>
          </params>
          <reporter-output>
          </reporter-output>
        </test-method> <!-- runScenario -->
        <test-method status="PASS" signature="runScenario(io.cucumber.testng.PickleWrapper,io.cucumber.testng.FeatureWrapper)[pri:0, instance:cucumberOptions.TestNGTestRunner@4eb7f003]" name="runScenario" duration-ms="7436" started-at="2022-02-24T11:36:19 SGT" description="Runs Cucumber Scenarios" data-provider="scenarios" finished-at="2022-02-24T11:36:27 SGT">
          <params>
            <param index="0">
              <value>
                <![CDATA["To chek the taxrelief amount verification for the records"]]>
              </value>
            </param>
            <param index="1">
              <value>
                <![CDATA["Optional[Checking working class heroes tax relief]"]]>
              </value>
            </param>
          </params>
          <reporter-output>
          </reporter-output>
        </test-method> <!-- runScenario -->
        <test-method status="PASS" signature="runScenario(io.cucumber.testng.PickleWrapper,io.cucumber.testng.FeatureWrapper)[pri:0, instance:cucumberOptions.TestNGTestRunner@4eb7f003]" name="runScenario" duration-ms="7427" started-at="2022-02-24T11:36:27 SGT" description="Runs Cucumber Scenarios" data-provider="scenarios" finished-at="2022-02-24T11:36:34 SGT">
          <params>
            <param index="0">
              <value>
                <![CDATA["To chek the taxrelief amount verification for the records"]]>
              </value>
            </param>
            <param index="1">
              <value>
                <![CDATA["Optional[Checking working class heroes tax relief]"]]>
              </value>
            </param>
          </params>
          <reporter-output>
          </reporter-output>
        </test-method> <!-- runScenario -->
        <test-method status="PASS" signature="runScenario(io.cucumber.testng.PickleWrapper,io.cucumber.testng.FeatureWrapper)[pri:0, instance:cucumberOptions.TestNGTestRunner@4eb7f003]" name="runScenario" duration-ms="6803" started-at="2022-02-24T11:36:34 SGT" description="Runs Cucumber Scenarios" data-provider="scenarios" finished-at="2022-02-24T11:36:41 SGT">
          <params>
            <param index="0">
              <value>
                <![CDATA["To chek the taxrelief amount verification for the records"]]>
              </value>
            </param>
            <param index="1">
              <value>
                <![CDATA["Optional[Checking working class heroes tax relief]"]]>
              </value>
            </param>
          </params>
          <reporter-output>
          </reporter-output>
        </test-method> <!-- runScenario -->
        <test-method status="PASS" signature="runScenario(io.cucumber.testng.PickleWrapper,io.cucumber.testng.FeatureWrapper)[pri:0, instance:cucumberOptions.TestNGTestRunner@4eb7f003]" name="runScenario" duration-ms="8411" started-at="2022-02-24T11:36:41 SGT" description="Runs Cucumber Scenarios" data-provider="scenarios" finished-at="2022-02-24T11:36:50 SGT">
          <params>
            <param index="0">
              <value>
                <![CDATA["To chek the taxrelief amount verification for the records"]]>
              </value>
            </param>
            <param index="1">
              <value>
                <![CDATA["Optional[Checking working class heroes tax relief]"]]>
              </value>
            </param>
          </params>
          <reporter-output>
          </reporter-output>
        </test-method> <!-- runScenario -->
        <test-method status="PASS" signature="runScenario(io.cucumber.testng.PickleWrapper,io.cucumber.testng.FeatureWrapper)[pri:0, instance:cucumberOptions.TestNGTestRunner@4eb7f003]" name="runScenario" duration-ms="7249" started-at="2022-02-24T11:36:50 SGT" description="Runs Cucumber Scenarios" data-provider="scenarios" finished-at="2022-02-24T11:36:57 SGT">
          <params>
            <param index="0">
              <value>
                <![CDATA["To chek the taxrelief amount verification for the records"]]>
              </value>
            </param>
            <param index="1">
              <value>
                <![CDATA["Optional[Checking working class heroes tax relief]"]]>
              </value>
            </param>
          </params>
          <reporter-output>
          </reporter-output>
        </test-method> <!-- runScenario -->
        <test-method status="PASS" signature="runScenario(io.cucumber.testng.PickleWrapper,io.cucumber.testng.FeatureWrapper)[pri:0, instance:cucumberOptions.TestNGTestRunner@4eb7f003]" name="runScenario" duration-ms="11681" started-at="2022-02-24T11:36:57 SGT" description="Runs Cucumber Scenarios" data-provider="scenarios" finished-at="2022-02-24T11:37:08 SGT">
          <params>
            <param index="0">
              <value>
                <![CDATA["To chek the taxrelief amount verification for the records"]]>
              </value>
            </param>
            <param index="1">
              <value>
                <![CDATA["Optional[Checking working class heroes tax relief]"]]>
              </value>
            </param>
          </params>
          <reporter-output>
          </reporter-output>
        </test-method> <!-- runScenario -->
        <test-method status="PASS" signature="runScenario(io.cucumber.testng.PickleWrapper,io.cucumber.testng.FeatureWrapper)[pri:0, instance:cucumberOptions.TestNGTestRunner@4eb7f003]" name="runScenario" duration-ms="8623" started-at="2022-02-24T11:37:08 SGT" description="Runs Cucumber Scenarios" data-provider="scenarios" finished-at="2022-02-24T11:37:17 SGT">
          <params>
            <param index="0">
              <value>
                <![CDATA["To chek the taxrelief amount verification for the records"]]>
              </value>
            </param>
            <param index="1">
              <value>
                <![CDATA["Optional[Checking working class heroes tax relief]"]]>
              </value>
            </param>
          </params>
          <reporter-output>
          </reporter-output>
        </test-method> <!-- runScenario -->
        <test-method status="PASS" signature="runScenario(io.cucumber.testng.PickleWrapper,io.cucumber.testng.FeatureWrapper)[pri:0, instance:cucumberOptions.TestNGTestRunner@4eb7f003]" name="runScenario" duration-ms="10849" started-at="2022-02-24T11:37:17 SGT" description="Runs Cucumber Scenarios" data-provider="scenarios" finished-at="2022-02-24T11:37:28 SGT">
          <params>
            <param index="0">
              <value>
                <![CDATA["To chek the taxrelief amount verification for the records"]]>
              </value>
            </param>
            <param index="1">
              <value>
                <![CDATA["Optional[Checking working class heroes tax relief]"]]>
              </value>
            </param>
          </params>
          <reporter-output>
          </reporter-output>
        </test-method> <!-- runScenario -->
        <test-method status="PASS" signature="runScenario(io.cucumber.testng.PickleWrapper,io.cucumber.testng.FeatureWrapper)[pri:0, instance:cucumberOptions.TestNGTestRunner@4eb7f003]" name="runScenario" duration-ms="8112" started-at="2022-02-24T11:37:28 SGT" description="Runs Cucumber Scenarios" data-provider="scenarios" finished-at="2022-02-24T11:37:36 SGT">
          <params>
            <param index="0">
              <value>
                <![CDATA["To chek the taxrelief amount verification for the records"]]>
              </value>
            </param>
            <param index="1">
              <value>
                <![CDATA["Optional[Checking working class heroes tax relief]"]]>
              </value>
            </param>
          </params>
          <reporter-output>
          </reporter-output>
        </test-method> <!-- runScenario -->
        <test-method status="PASS" signature="runScenario(io.cucumber.testng.PickleWrapper,io.cucumber.testng.FeatureWrapper)[pri:0, instance:cucumberOptions.TestNGTestRunner@4eb7f003]" name="runScenario" duration-ms="9479" started-at="2022-02-24T11:37:36 SGT" description="Runs Cucumber Scenarios" data-provider="scenarios" finished-at="2022-02-24T11:37:46 SGT">
          <params>
            <param index="0">
              <value>
                <![CDATA["To chek the taxrelief amount verification for the records"]]>
              </value>
            </param>
            <param index="1">
              <value>
                <![CDATA["Optional[Checking working class heroes tax relief]"]]>
              </value>
            </param>
          </params>
          <reporter-output>
          </reporter-output>
        </test-method> <!-- runScenario -->
        <test-method status="PASS" signature="runScenario(io.cucumber.testng.PickleWrapper,io.cucumber.testng.FeatureWrapper)[pri:0, instance:cucumberOptions.TestNGTestRunner@4eb7f003]" name="runScenario" duration-ms="10652" started-at="2022-02-24T11:37:46 SGT" description="Runs Cucumber Scenarios" data-provider="scenarios" finished-at="2022-02-24T11:37:56 SGT">
          <params>
            <param index="0">
              <value>
                <![CDATA["To chek the taxrelief amount verification for the records"]]>
              </value>
            </param>
            <param index="1">
              <value>
                <![CDATA["Optional[Checking working class heroes tax relief]"]]>
              </value>
            </param>
          </params>
          <reporter-output>
          </reporter-output>
        </test-method> <!-- runScenario -->
        <test-method status="PASS" signature="runScenario(io.cucumber.testng.PickleWrapper,io.cucumber.testng.FeatureWrapper)[pri:0, instance:cucumberOptions.TestNGTestRunner@4eb7f003]" name="runScenario" duration-ms="9142" started-at="2022-02-24T11:37:56 SGT" description="Runs Cucumber Scenarios" data-provider="scenarios" finished-at="2022-02-24T11:38:05 SGT">
          <params>
            <param index="0">
              <value>
                <![CDATA["To chek the taxrelief amount verification for the records"]]>
              </value>
            </param>
            <param index="1">
              <value>
                <![CDATA["Optional[Checking working class heroes tax relief]"]]>
              </value>
            </param>
          </params>
          <reporter-output>
          </reporter-output>
        </test-method> <!-- runScenario -->
        <test-method status="PASS" signature="runScenario(io.cucumber.testng.PickleWrapper,io.cucumber.testng.FeatureWrapper)[pri:0, instance:cucumberOptions.TestNGTestRunner@4eb7f003]" name="runScenario" duration-ms="7285" started-at="2022-02-24T11:38:05 SGT" description="Runs Cucumber Scenarios" data-provider="scenarios" finished-at="2022-02-24T11:38:13 SGT">
          <params>
            <param index="0">
              <value>
                <![CDATA["To chek the taxrelief amount verification for the records"]]>
              </value>
            </param>
            <param index="1">
              <value>
                <![CDATA["Optional[Checking working class heroes tax relief]"]]>
              </value>
            </param>
          </params>
          <reporter-output>
          </reporter-output>
        </test-method> <!-- runScenario -->
        <test-method status="PASS" signature="runScenario(io.cucumber.testng.PickleWrapper,io.cucumber.testng.FeatureWrapper)[pri:0, instance:cucumberOptions.TestNGTestRunner@4eb7f003]" name="runScenario" duration-ms="8868" started-at="2022-02-24T11:38:13 SGT" description="Runs Cucumber Scenarios" data-provider="scenarios" finished-at="2022-02-24T11:38:21 SGT">
          <params>
            <param index="0">
              <value>
                <![CDATA["To chek the taxrelief amount verification for the records"]]>
              </value>
            </param>
            <param index="1">
              <value>
                <![CDATA["Optional[Checking working class heroes tax relief]"]]>
              </value>
            </param>
          </params>
          <reporter-output>
          </reporter-output>
        </test-method> <!-- runScenario -->
        <test-method status="PASS" signature="runScenario(io.cucumber.testng.PickleWrapper,io.cucumber.testng.FeatureWrapper)[pri:0, instance:cucumberOptions.TestNGTestRunner@4eb7f003]" name="runScenario" duration-ms="8303" started-at="2022-02-24T11:38:21 SGT" description="Runs Cucumber Scenarios" data-provider="scenarios" finished-at="2022-02-24T11:38:30 SGT">
          <params>
            <param index="0">
              <value>
                <![CDATA["To chek the taxrelief amount verification for the records"]]>
              </value>
            </param>
            <param index="1">
              <value>
                <![CDATA["Optional[Checking working class heroes tax relief]"]]>
              </value>
            </param>
          </params>
          <reporter-output>
          </reporter-output>
        </test-method> <!-- runScenario -->
        <test-method status="PASS" signature="runScenario(io.cucumber.testng.PickleWrapper,io.cucumber.testng.FeatureWrapper)[pri:0, instance:cucumberOptions.TestNGTestRunner@4eb7f003]" name="runScenario" duration-ms="10444" started-at="2022-02-24T11:38:30 SGT" description="Runs Cucumber Scenarios" data-provider="scenarios" finished-at="2022-02-24T11:38:40 SGT">
          <params>
            <param index="0">
              <value>
                <![CDATA["To chek the taxrelief amount verification for the records"]]>
              </value>
            </param>
            <param index="1">
              <value>
                <![CDATA["Optional[Checking working class heroes tax relief]"]]>
              </value>
            </param>
          </params>
          <reporter-output>
          </reporter-output>
        </test-method> <!-- runScenario -->
        <test-method status="PASS" signature="runScenario(io.cucumber.testng.PickleWrapper,io.cucumber.testng.FeatureWrapper)[pri:0, instance:cucumberOptions.TestNGTestRunner@4eb7f003]" name="runScenario" duration-ms="8777" started-at="2022-02-24T11:38:40 SGT" description="Runs Cucumber Scenarios" data-provider="scenarios" finished-at="2022-02-24T11:38:49 SGT">
          <params>
            <param index="0">
              <value>
                <![CDATA["To chek the taxrelief amount verification for the records"]]>
              </value>
            </param>
            <param index="1">
              <value>
                <![CDATA["Optional[Checking working class heroes tax relief]"]]>
              </value>
            </param>
          </params>
          <reporter-output>
          </reporter-output>
        </test-method> <!-- runScenario -->
        <test-method status="PASS" signature="runScenario(io.cucumber.testng.PickleWrapper,io.cucumber.testng.FeatureWrapper)[pri:0, instance:cucumberOptions.TestNGTestRunner@4eb7f003]" name="runScenario" duration-ms="10231" started-at="2022-02-24T11:38:49 SGT" description="Runs Cucumber Scenarios" data-provider="scenarios" finished-at="2022-02-24T11:38:59 SGT">
          <params>
            <param index="0">
              <value>
                <![CDATA["To chek the taxrelief amount verification for the records"]]>
              </value>
            </param>
            <param index="1">
              <value>
                <![CDATA["Optional[Checking working class heroes tax relief]"]]>
              </value>
            </param>
          </params>
          <reporter-output>
          </reporter-output>
        </test-method> <!-- runScenario -->
        <test-method status="PASS" signature="runScenario(io.cucumber.testng.PickleWrapper,io.cucumber.testng.FeatureWrapper)[pri:0, instance:cucumberOptions.TestNGTestRunner@4eb7f003]" name="runScenario" duration-ms="8724" started-at="2022-02-24T11:38:59 SGT" description="Runs Cucumber Scenarios" data-provider="scenarios" finished-at="2022-02-24T11:39:08 SGT">
          <params>
            <param index="0">
              <value>
                <![CDATA["To chek the taxrelief amount verification for the records"]]>
              </value>
            </param>
            <param index="1">
              <value>
                <![CDATA["Optional[Checking working class heroes tax relief]"]]>
              </value>
            </param>
          </params>
          <reporter-output>
          </reporter-output>
        </test-method> <!-- runScenario -->
        <test-method status="PASS" signature="runScenario(io.cucumber.testng.PickleWrapper,io.cucumber.testng.FeatureWrapper)[pri:0, instance:cucumberOptions.TestNGTestRunner@4eb7f003]" name="runScenario" duration-ms="8098" started-at="2022-02-24T11:39:08 SGT" description="Runs Cucumber Scenarios" data-provider="scenarios" finished-at="2022-02-24T11:39:16 SGT">
          <params>
            <param index="0">
              <value>
                <![CDATA["To chek the taxrelief amount verification for the records"]]>
              </value>
            </param>
            <param index="1">
              <value>
                <![CDATA["Optional[Checking working class heroes tax relief]"]]>
              </value>
            </param>
          </params>
          <reporter-output>
          </reporter-output>
        </test-method> <!-- runScenario -->
        <test-method status="PASS" signature="runScenario(io.cucumber.testng.PickleWrapper,io.cucumber.testng.FeatureWrapper)[pri:0, instance:cucumberOptions.TestNGTestRunner@4eb7f003]" name="runScenario" duration-ms="10440" started-at="2022-02-24T11:39:16 SGT" description="Runs Cucumber Scenarios" data-provider="scenarios" finished-at="2022-02-24T11:39:26 SGT">
          <params>
            <param index="0">
              <value>
                <![CDATA["To chek the taxrelief amount verification for the records"]]>
              </value>
            </param>
            <param index="1">
              <value>
                <![CDATA["Optional[Checking working class heroes tax relief]"]]>
              </value>
            </param>
          </params>
          <reporter-output>
          </reporter-output>
        </test-method> <!-- runScenario -->
        <test-method status="PASS" signature="runScenario(io.cucumber.testng.PickleWrapper,io.cucumber.testng.FeatureWrapper)[pri:0, instance:cucumberOptions.TestNGTestRunner@4eb7f003]" name="runScenario" duration-ms="9754" started-at="2022-02-24T11:39:26 SGT" description="Runs Cucumber Scenarios" data-provider="scenarios" finished-at="2022-02-24T11:39:36 SGT">
          <params>
            <param index="0">
              <value>
                <![CDATA["To chek the taxrelief amount verification for the records"]]>
              </value>
            </param>
            <param index="1">
              <value>
                <![CDATA["Optional[Checking working class heroes tax relief]"]]>
              </value>
            </param>
          </params>
          <reporter-output>
          </reporter-output>
        </test-method> <!-- runScenario -->
        <test-method status="PASS" signature="runScenario(io.cucumber.testng.PickleWrapper,io.cucumber.testng.FeatureWrapper)[pri:0, instance:cucumberOptions.TestNGTestRunner@4eb7f003]" name="runScenario" duration-ms="8729" started-at="2022-02-24T11:39:36 SGT" description="Runs Cucumber Scenarios" data-provider="scenarios" finished-at="2022-02-24T11:39:45 SGT">
          <params>
            <param index="0">
              <value>
                <![CDATA["To chek the taxrelief amount verification for the records"]]>
              </value>
            </param>
            <param index="1">
              <value>
                <![CDATA["Optional[Checking working class heroes tax relief]"]]>
              </value>
            </param>
          </params>
          <reporter-output>
          </reporter-output>
        </test-method> <!-- runScenario -->
        <test-method status="PASS" signature="runScenario(io.cucumber.testng.PickleWrapper,io.cucumber.testng.FeatureWrapper)[pri:0, instance:cucumberOptions.TestNGTestRunner@4eb7f003]" name="runScenario" duration-ms="14893" started-at="2022-02-24T11:39:45 SGT" description="Runs Cucumber Scenarios" data-provider="scenarios" finished-at="2022-02-24T11:40:00 SGT">
          <params>
            <param index="0">
              <value>
                <![CDATA["To chek the taxrelief amount verification for the records"]]>
              </value>
            </param>
            <param index="1">
              <value>
                <![CDATA["Optional[Checking working class heroes tax relief]"]]>
              </value>
            </param>
          </params>
          <reporter-output>
          </reporter-output>
        </test-method> <!-- runScenario -->
        <test-method status="PASS" signature="runScenario(io.cucumber.testng.PickleWrapper,io.cucumber.testng.FeatureWrapper)[pri:0, instance:cucumberOptions.TestNGTestRunner@4eb7f003]" name="runScenario" duration-ms="12246" started-at="2022-02-24T11:40:00 SGT" description="Runs Cucumber Scenarios" data-provider="scenarios" finished-at="2022-02-24T11:40:12 SGT">
          <params>
            <param index="0">
              <value>
                <![CDATA["To check the Tax amount displayed is correct"]]>
              </value>
            </param>
            <param index="1">
              <value>
                <![CDATA["Optional[Checking working class heroes tax relief]"]]>
              </value>
            </param>
          </params>
          <reporter-output>
          </reporter-output>
        </test-method> <!-- runScenario -->
        <test-method status="PASS" signature="tearDownClass()[pri:0, instance:cucumberOptions.TestNGTestRunner@4eb7f003]" name="tearDownClass" is-config="true" duration-ms="344" started-at="2022-02-24T11:40:12 SGT" finished-at="2022-02-24T11:40:12 SGT">
          <reporter-output>
          </reporter-output>
        </test-method> <!-- tearDownClass -->
      </class> <!-- cucumberOptions.TestNGTestRunner -->
    </test> <!-- Surefire test -->
  </suite> <!-- Surefire suite -->
</testng-results>
